#
# A fatal error has been detected by the Java Runtime Environment:
#
#  Internal Error (javaClasses.cpp:136), pid=26695, tid=139956231886592
#  fatal error: Invalid layout of preloaded class
#
# JRE version:  (7.0_45-b15) (build )
# Java VM: OpenJDK 64-Bit Server VM (24.45-b08 mixed mode linux-amd64 compressed oops)
# Failed to write core dump. Core dumps have been disabled. To enable core dumping, try "ulimit -c unlimited" before starting Java again
#
# If you would like to submit a bug report, please include
# instructions on how to reproduce the bug and visit:
#   http://icedtea.classpath.org/bugzilla
#

---------------  T H R E A D  ---------------

Current thread (0x00007f4a14009800):  JavaThread "Unknown thread" [_thread_in_vm, id=26700, stack(0x00007f4a196c5000,0x00007f4a197c6000)]

Stack: [0x00007f4a196c5000,0x00007f4a197c6000],  sp=0x00007f4a197c4870,  free space=1022k
Native frames: (J=compiled Java code, j=interpreted, Vv=VM code, C=native code)
V  [libjvm.so+0x923f5d]  JVM_handle_linux_signal+0x1689ad
V  [libjvm.so+0x477539]  dlerror+0x477539
V  [libjvm.so+0x5d6d6b]  AsyncGetCallTrace+0xe6a0b
V  [libjvm.so+0x5d7e16]  AsyncGetCallTrace+0xe7ab6
V  [libjvm.so+0x8b053e]  JVM_handle_linux_signal+0xf4f8e
V  [libjvm.so+0x8fbe8b]  JVM_handle_linux_signal+0x1408db
V  [libjvm.so+0x8fc379]  JVM_handle_linux_signal+0x140dc9
V  [libjvm.so+0x583c9a]  AsyncGetCallTrace+0x9393a
V  [libjvm.so+0x8e4d09]  JVM_handle_linux_signal+0x129759
V  [libjvm.so+0x5df83f]  JNI_CreateJavaVM+0x6f
C  [libjli.so+0x2ef7]  printf+0x2ef7


---------------  P R O C E S S  ---------------

Java Threads: ( => current thread )

Other Threads:

=>0x00007f4a14009800 (exited) JavaThread "Unknown thread" [_thread_in_vm, id=26700, stack(0x00007f4a196c5000,0x00007f4a197c6000)]

VM state:not at safepoint (not fully initialized)

VM Mutex/Monitor currently owned by a thread: None

GC Heap History (0 events):
No events

Deoptimization events (0 events):
No events

Internal exceptions (0 events):
No events

Events (10 events):
Event: 0.007 loading class 0x00007f4a183290d0
Event: 0.008 loading class 0x00007f4a183290d0 done
Event: 0.008 loading class 0x00007f4a18329110
Event: 0.009 loading class 0x00007f4a183296f0
Event: 0.009 loading class 0x00007f4a183296f0 done
Event: 0.009 loading class 0x00007f4a1832fd50
Event: 0.009 loading class 0x00007f4a1832fd50 done
Event: 0.009 loading class 0x00007f4a18329110 done
Event: 0.009 loading class 0x00007f4a183290f0
Event: 0.009 loading class 0x00007f4a183290f0 done


Dynamic libraries:
00400000-00401000 r-xp 00000000 08:01 16835                              /usr/lib/jvm/java-1.7.0-openjdk-1.7.0.45.x86_64/bin/java
00600000-00602000 rw-p 00000000 08:01 16835                              /usr/lib/jvm/java-1.7.0-openjdk-1.7.0.45.x86_64/bin/java
022fc000-0231d000 rw-p 00000000 00:00 0                                  [heap]
b9c00000-bb100000 rw-p 00000000 00:00 0 
bb100000-c4200000 rw-p 00000000 00:00 0 
c4200000-c6980000 rw-p 00000000 00:00 0 
c6980000-ec080000 rw-p 00000000 00:00 0 
ec080000-ed480000 rw-p 00000000 00:00 0 
ed480000-100000000 rw-p 00000000 00:00 0 
3df6c00000-3df6c20000 r-xp 00000000 08:01 1073196                        /lib64/ld-2.12.so
3df6e1f000-3df6e20000 r--p 0001f000 08:01 1073196                        /lib64/ld-2.12.so
3df6e20000-3df6e21000 rw-p 00020000 08:01 1073196                        /lib64/ld-2.12.so
3df6e21000-3df6e22000 rw-p 00000000 00:00 0 
3df7000000-3df718b000 r-xp 00000000 08:01 1073206                        /lib64/libc-2.12.so
3df718b000-3df738a000 ---p 0018b000 08:01 1073206                        /lib64/libc-2.12.so
3df738a000-3df738e000 r--p 0018a000 08:01 1073206                        /lib64/libc-2.12.so
3df738e000-3df738f000 rw-p 0018e000 08:01 1073206                        /lib64/libc-2.12.so
3df738f000-3df7394000 rw-p 00000000 00:00 0 
3df7400000-3df740d000 r-xp 00000000 08:01 1818625                        /usr/lib/jvm/java-1.7.0-openjdk-1.7.0.45.x86_64/lib/amd64/jli/libjli.so
3df740d000-3df760c000 ---p 0000d000 08:01 1818625                        /usr/lib/jvm/java-1.7.0-openjdk-1.7.0.45.x86_64/lib/amd64/jli/libjli.so
3df760c000-3df760d000 rw-p 0000c000 08:01 1818625                        /usr/lib/jvm/java-1.7.0-openjdk-1.7.0.45.x86_64/lib/amd64/jli/libjli.so
3df7800000-3df7802000 r-xp 00000000 08:01 1073387                        /lib64/libdl-2.12.so
3df7802000-3df7a02000 ---p 00002000 08:01 1073387                        /lib64/libdl-2.12.so
3df7a02000-3df7a03000 r--p 00002000 08:01 1073387                        /lib64/libdl-2.12.so
3df7a03000-3df7a04000 rw-p 00003000 08:01 1073387                        /lib64/libdl-2.12.so
3df7c00000-3df7c17000 r-xp 00000000 08:01 1073218                        /lib64/libpthread-2.12.so
3df7c17000-3df7e17000 ---p 00017000 08:01 1073218                        /lib64/libpthread-2.12.so
3df7e17000-3df7e18000 r--p 00017000 08:01 1073218                        /lib64/libpthread-2.12.so
3df7e18000-3df7e19000 rw-p 00018000 08:01 1073218                        /lib64/libpthread-2.12.so
3df7e19000-3df7e1d000 rw-p 00000000 00:00 0 
3df8000000-3df8015000 r-xp 00000000 08:01 1073783                        /lib64/libz.so.1.2.3
3df8015000-3df8214000 ---p 00015000 08:01 1073783                        /lib64/libz.so.1.2.3
3df8214000-3df8215000 r--p 00014000 08:01 1073783                        /lib64/libz.so.1.2.3
3df8215000-3df8216000 rw-p 00015000 08:01 1073783                        /lib64/libz.so.1.2.3
3df8400000-3df8407000 r-xp 00000000 08:01 1074928                        /lib64/librt-2.12.so
3df8407000-3df8606000 ---p 00007000 08:01 1074928                        /lib64/librt-2.12.so
3df8606000-3df8607000 r--p 00006000 08:01 1074928                        /lib64/librt-2.12.so
3df8607000-3df8608000 rw-p 00007000 08:01 1074928                        /lib64/librt-2.12.so
3dfbc00000-3dfbc16000 r-xp 00000000 08:01 1074761                        /lib64/libgcc_s-4.4.7-20120601.so.1
3dfbc16000-3dfbe15000 ---p 00016000 08:01 1074761                        /lib64/libgcc_s-4.4.7-20120601.so.1
3dfbe15000-3dfbe16000 rw-p 00015000 08:01 1074761                        /lib64/libgcc_s-4.4.7-20120601.so.1
3dfdc00000-3dfdce8000 r-xp 00000000 08:01 1144041                        /usr/lib64/libstdc++.so.6.0.13
3dfdce8000-3dfdee8000 ---p 000e8000 08:01 1144041                        /usr/lib64/libstdc++.so.6.0.13
3dfdee8000-3dfdeef000 r--p 000e8000 08:01 1144041                        /usr/lib64/libstdc++.so.6.0.13
3dfdeef000-3dfdef1000 rw-p 000ef000 08:01 1144041                        /usr/lib64/libstdc++.so.6.0.13
3dfdef1000-3dfdf06000 rw-p 00000000 00:00 0 
7f4a00000000-7f4a00021000 rw-p 00000000 00:00 0 
7f4a00021000-7f4a04000000 ---p 00000000 00:00 0 
7f4a08000000-7f4a08021000 rw-p 00000000 00:00 0 
7f4a08021000-7f4a0c000000 ---p 00000000 00:00 0 
7f4a0ece0000-7f4a11000000 rw-p 00000000 00:00 0 
7f4a11000000-7f4a11270000 rwxp 00000000 00:00 0 
7f4a11270000-7f4a1404e000 rw-p 00000000 00:00 0 
7f4a1404e000-7f4a18000000 ---p 00000000 00:00 0 
7f4a182a3000-7f4a182b3000 r--s 000bf000 00:13 880472066                  /afs/inf.ed.ac.uk/group/teaching/sdp/sdp2/lejos_nxj/lib/nxt/classes.jar
7f4a182b3000-7f4a185b6000 rw-p 00000000 00:00 0 
7f4a185b6000-7f4a185b7000 ---p 00000000 00:00 0 
7f4a185b7000-7f4a186b7000 rw-p 00000000 00:00 0 
7f4a186b7000-7f4a186b8000 ---p 00000000 00:00 0 
7f4a186b8000-7f4a187c3000 rw-p 00000000 00:00 0 
7f4a187c3000-7f4a1880b000 rw-p 00000000 00:00 0 
7f4a1880b000-7f4a1881f000 rw-p 00000000 00:00 0 
7f4a1881f000-7f4a1894b000 rw-p 00000000 00:00 0 
7f4a1894b000-7f4a18956000 rw-p 00000000 00:00 0 
7f4a18956000-7f4a1899e000 rw-p 00000000 00:00 0 
7f4a1899e000-7f4a189b2000 rw-p 00000000 00:00 0 
7f4a189b2000-7f4a18add000 rw-p 00000000 00:00 0 
7f4a18add000-7f4a18ae8000 rw-p 00000000 00:00 0 
7f4a18ae8000-7f4a18b7d000 rw-p 00000000 00:00 0 
7f4a18b7d000-7f4a18b88000 rw-p 00000000 00:00 0 
7f4a18b88000-7f4a18c3e000 rw-p 00000000 00:00 0 
7f4a18c3e000-7f4a18c46000 r-xp 00000000 08:01 1738057                    /usr/lib/jvm/java-1.7.0-openjdk-1.7.0.45.x86_64/jre/lib/amd64/libzip.so
7f4a18c46000-7f4a18e45000 ---p 00008000 08:01 1738057                    /usr/lib/jvm/java-1.7.0-openjdk-1.7.0.45.x86_64/jre/lib/amd64/libzip.so
7f4a18e45000-7f4a18e46000 rw-p 00007000 08:01 1738057                    /usr/lib/jvm/java-1.7.0-openjdk-1.7.0.45.x86_64/jre/lib/amd64/libzip.so
7f4a18e46000-7f4a18e51000 r-xp 00000000 08:01 1076749                    /lib64/libnss_ldap.so.2
7f4a18e51000-7f4a19050000 ---p 0000b000 08:01 1076749                    /lib64/libnss_ldap.so.2
7f4a19050000-7f4a19051000 rw-p 0000a000 08:01 1076749                    /lib64/libnss_ldap.so.2
7f4a19051000-7f4a1905d000 r-xp 00000000 08:01 1073386                    /lib64/libnss_files-2.12.so
7f4a1905d000-7f4a1925d000 ---p 0000c000 08:01 1073386                    /lib64/libnss_files-2.12.so
7f4a1925d000-7f4a1925e000 r--p 0000c000 08:01 1073386                    /lib64/libnss_files-2.12.so
7f4a1925e000-7f4a1925f000 rw-p 0000d000 08:01 1073386                    /lib64/libnss_files-2.12.so
7f4a19264000-7f4a1928c000 rw-p 00000000 00:00 0 
7f4a1928c000-7f4a192b5000 r-xp 00000000 08:01 1738036                    /usr/lib/jvm/java-1.7.0-openjdk-1.7.0.45.x86_64/jre/lib/amd64/libjava.so
7f4a192b5000-7f4a194b4000 ---p 00029000 08:01 1738036                    /usr/lib/jvm/java-1.7.0-openjdk-1.7.0.45.x86_64/jre/lib/amd64/libjava.so
7f4a194b4000-7f4a194b6000 rw-p 00028000 08:01 1738036                    /usr/lib/jvm/java-1.7.0-openjdk-1.7.0.45.x86_64/jre/lib/amd64/libjava.so
7f4a194b6000-7f4a194c3000 r-xp 00000000 08:01 1738056                    /usr/lib/jvm/java-1.7.0-openjdk-1.7.0.45.x86_64/jre/lib/amd64/libverify.so
7f4a194c3000-7f4a196c3000 ---p 0000d000 08:01 1738056                    /usr/lib/jvm/java-1.7.0-openjdk-1.7.0.45.x86_64/jre/lib/amd64/libverify.so
7f4a196c3000-7f4a196c5000 rw-p 0000d000 08:01 1738056                    /usr/lib/jvm/java-1.7.0-openjdk-1.7.0.45.x86_64/jre/lib/amd64/libverify.so
7f4a196c5000-7f4a196c8000 ---p 00000000 00:00 0 
7f4a196c8000-7f4a197c6000 rw-p 00000000 00:00 0 
7f4a197c6000-7f4a19849000 r-xp 00000000 08:01 1073216                    /lib64/libm-2.12.so
7f4a19849000-7f4a19a48000 ---p 00083000 08:01 1073216                    /lib64/libm-2.12.so
7f4a19a48000-7f4a19a49000 r--p 00082000 08:01 1073216                    /lib64/libm-2.12.so
7f4a19a49000-7f4a19a4a000 rw-p 00083000 08:01 1073216                    /lib64/libm-2.12.so
7f4a19a4a000-7f4a1a534000 r-xp 00000000 08:01 1738061                    /usr/lib/jvm/java-1.7.0-openjdk-1.7.0.45.x86_64/jre/lib/amd64/server/libjvm.so
7f4a1a534000-7f4a1a734000 ---p 00aea000 08:01 1738061                    /usr/lib/jvm/java-1.7.0-openjdk-1.7.0.45.x86_64/jre/lib/amd64/server/libjvm.so
7f4a1a734000-7f4a1a7ef000 rw-p 00aea000 08:01 1738061                    /usr/lib/jvm/java-1.7.0-openjdk-1.7.0.45.x86_64/jre/lib/amd64/server/libjvm.so
7f4a1a7ef000-7f4a1a81f000 rw-p 00000000 00:00 0 
7f4a1a82a000-7f4a1a842000 rw-p 00000000 00:00 0 
7f4a1a842000-7f4a1a84a000 rw-s 00000000 08:01 1073381                    /tmp/hsperfdata_s1128614/26695
7f4a1a84a000-7f4a1a84b000 rw-p 00000000 00:00 0 
7f4a1a84b000-7f4a1a84c000 r--p 00000000 00:00 0 
7f4a1a84c000-7f4a1a84d000 rw-p 00000000 00:00 0 
7fff0d0b1000-7fff0d0c7000 rw-p 00000000 00:00 0                          [stack]
7fff0d124000-7fff0d125000 r-xp 00000000 00:00 0                          [vdso]
ffffffffff600000-ffffffffff601000 r-xp 00000000 00:00 0                  [vsyscall]

VM Arguments:
jvm_args: -Dfile.encoding=UTF-8 -Xbootclasspath:/group/teaching/sdp/sdp2/lejos_nxj/lib/nxt/classes.jar 
java_command: org.eclipse.jdt.internal.junit.runner.RemoteTestRunner -version 3 -port 44001 -testLoaderClass org.eclipse.jdt.internal.junit.runner.junit3.JUnit3TestLoader -loaderpluginname org.eclipse.jdt.junit.runtime -classNames group2.sdp.robot.AppTest
Launcher Type: SUN_STANDARD

Environment Variables:
PATH=/group/teaching/sdp/sdp2/lejos_nxj/bin:/usr/lib64/qt-3.3/bin:/usr/local/bin/:/usr/games:/usr/local/sbin:/usr/bin:/bin:/opt/sicstus-4.0.1/bin
LD_LIBRARY_PATH=/usr/lib64/xulrunner-addons
SHELL=/bin/bash
DISPLAY=:0.0

Signal Handlers:
SIGSEGV: [libjvm.so+0x9249f0], sa_mask[0]=0x7ffbfeff, sa_flags=0x10000004
SIGBUS: [libjvm.so+0x9249f0], sa_mask[0]=0x7ffbfeff, sa_flags=0x10000004
SIGFPE: [libjvm.so+0x7b25a0], sa_mask[0]=0x7ffbfeff, sa_flags=0x10000004
SIGPIPE: [libjvm.so+0x7b25a0], sa_mask[0]=0x7ffbfeff, sa_flags=0x10000004
SIGXFSZ: [libjvm.so+0x7b25a0], sa_mask[0]=0x7ffbfeff, sa_flags=0x10000004
SIGILL: [libjvm.so+0x7b25a0], sa_mask[0]=0x7ffbfeff, sa_flags=0x10000004
SIGUSR1: SIG_DFL, sa_mask[0]=0x00000000, sa_flags=0x00000000
SIGUSR2: [libjvm.so+0x7b3a30], sa_mask[0]=0x00000004, sa_flags=0x10000004
SIGHUP: SIG_DFL, sa_mask[0]=0x00000000, sa_flags=0x00000000
SIGINT: SIG_DFL, sa_mask[0]=0x00000000, sa_flags=0x00000000
SIGTERM: SIG_DFL, sa_mask[0]=0x00000000, sa_flags=0x00000000
SIGQUIT: SIG_DFL, sa_mask[0]=0x00000000, sa_flags=0x00000000


---------------  S Y S T E M  ---------------

OS:Scientific Linux release 6.4 (Carbon)

uname:Linux 2.6.32-358.6.2.el6.x86_64 #1 SMP Thu May 16 11:21:38 CDT 2013 x86_64
libc:glibc 2.12 NPTL 2.12 
rlimit: STACK 10240k, CORE 0k, NPROC 1024, NOFILE 4096, AS infinity
load average:0.14 0.12 0.09

/proc/meminfo:
MemTotal:        3923212 kB
MemFree:          255052 kB
Buffers:          217104 kB
Cached:          1438252 kB
SwapCached:        13644 kB
Active:          2230660 kB
Inactive:        1074512 kB
Active(anon):    1416644 kB
Inactive(anon):   255688 kB
Active(file):     814016 kB
Inactive(file):   818824 kB
Unevictable:        8232 kB
Mlocked:            8232 kB
SwapTotal:       4096564 kB
SwapFree:        4001260 kB
Dirty:              1560 kB
Writeback:             0 kB
AnonPages:       1645692 kB
Mapped:           190380 kB
Shmem:             15444 kB
Slab:             214620 kB
SReclaimable:     169552 kB
SUnreclaim:        45068 kB
KernelStack:        4408 kB
PageTables:        63228 kB
NFS_Unstable:          0 kB
Bounce:                0 kB
WritebackTmp:          0 kB
CommitLimit:     6058168 kB
Committed_AS:    4300036 kB
VmallocTotal:   34359738367 kB
VmallocUsed:      303216 kB
VmallocChunk:   34359419956 kB
HardwareCorrupted:     0 kB
AnonHugePages:    307200 kB
HugePages_Total:       0
HugePages_Free:        0
HugePages_Rsvd:        0
HugePages_Surp:        0
Hugepagesize:       2048 kB
DirectMap4k:      872444 kB
DirectMap2M:     3188736 kB


CPU:total 2 (2 cores per cpu, 1 threads per core) family 6 model 23 stepping 10, cmov, cx8, fxsr, mmx, sse, sse2, sse3, ssse3, sse4.1, tsc

/proc/cpuinfo:
processor	: 0
vendor_id	: GenuineIntel
cpu family	: 6
model		: 23
model name	: Intel(R) Core(TM)2 Duo CPU     E8500  @ 3.16GHz
stepping	: 10
cpu MHz		: 3166.000
cache size	: 6144 KB
physical id	: 0
siblings	: 2
core id		: 0
cpu cores	: 2
apicid		: 0
initial apicid	: 0
fpu		: yes
fpu_exception	: yes
cpuid level	: 13
wp		: yes
flags		: fpu vme de pse tsc msr pae mce cx8 apic sep mtrr pge mca cmov pat pse36 clflush dts acpi mmx fxsr sse sse2 ss ht tm pbe syscall nx lm constant_tsc arch_perfmon pebs bts rep_good aperfmperf pni dtes64 monitor ds_cpl vmx smx est tm2 ssse3 cx16 xtpr pdcm sse4_1 xsave lahf_lm dts tpr_shadow vnmi flexpriority
bogomips	: 6317.29
clflush size	: 64
cache_alignment	: 64
address sizes	: 36 bits physical, 48 bits virtual
power management:

processor	: 1
vendor_id	: GenuineIntel
cpu family	: 6
model		: 23
model name	: Intel(R) Core(TM)2 Duo CPU     E8500  @ 3.16GHz
stepping	: 10
cpu MHz		: 2000.000
cache size	: 6144 KB
physical id	: 0
siblings	: 2
core id		: 1
cpu cores	: 2
apicid		: 1
initial apicid	: 1
fpu		: yes
fpu_exception	: yes
cpuid level	: 13
wp		: yes
flags		: fpu vme de pse tsc msr pae mce cx8 apic sep mtrr pge mca cmov pat pse36 clflush dts acpi mmx fxsr sse sse2 ss ht tm pbe syscall nx lm constant_tsc arch_perfmon pebs bts rep_good aperfmperf pni dtes64 monitor ds_cpl vmx smx est tm2 ssse3 cx16 xtpr pdcm sse4_1 xsave lahf_lm dts tpr_shadow vnmi flexpriority
bogomips	: 6317.29
clflush size	: 64
cache_alignment	: 64
address sizes	: 36 bits physical, 48 bits virtual
power management:



Memory: 4k page, physical 3923212k(255052k free), swap 4096564k(4001260k free)

vm_info: OpenJDK 64-Bit Server VM (24.45-b08) for linux-amd64 JRE (1.7.0_45-mockbuild_2013_10_22_13_40-b00), built on Oct 22 2013 13:49:11 by "mockbuild" with gcc 4.4.7 20120313 (Red Hat 4.4.7-3)

time: Tue Jan 28 18:10:48 2014
elapsed time: 0 seconds

