#
# A fatal error has been detected by the Java Runtime Environment:
#
#  Internal Error (javaClasses.cpp:136), pid=24547, tid=140011127133952
#  fatal error: Invalid layout of preloaded class
#
# JRE version:  (7.0_45-b15) (build )
# Java VM: OpenJDK 64-Bit Server VM (24.45-b08 mixed mode linux-amd64 compressed oops)
# Failed to write core dump. Core dumps have been disabled. To enable core dumping, try "ulimit -c unlimited" before starting Java again
#
# If you would like to submit a bug report, please include
# instructions on how to reproduce the bug and visit:
#   http://icedtea.classpath.org/bugzilla
#

---------------  T H R E A D  ---------------

Current thread (0x00007f56dc009000):  JavaThread "Unknown thread" [_thread_in_vm, id=24552, stack(0x00007f56e16f5000,0x00007f56e17f6000)]

Stack: [0x00007f56e16f5000,0x00007f56e17f6000],  sp=0x00007f56e17f4870,  free space=1022k
Native frames: (J=compiled Java code, j=interpreted, Vv=VM code, C=native code)
V  [libjvm.so+0x923f5d]  JVM_handle_linux_signal+0x1689ad
V  [libjvm.so+0x477539]  dlerror+0x477539
V  [libjvm.so+0x5d6d6b]  AsyncGetCallTrace+0xe6a0b
V  [libjvm.so+0x5d7e16]  AsyncGetCallTrace+0xe7ab6
V  [libjvm.so+0x8b053e]  JVM_handle_linux_signal+0xf4f8e
V  [libjvm.so+0x8fbe8b]  JVM_handle_linux_signal+0x1408db
V  [libjvm.so+0x8fc379]  JVM_handle_linux_signal+0x140dc9
V  [libjvm.so+0x583c9a]  AsyncGetCallTrace+0x9393a
V  [libjvm.so+0x8e4d09]  JVM_handle_linux_signal+0x129759
V  [libjvm.so+0x5df83f]  JNI_CreateJavaVM+0x6f
C  [libjli.so+0x2ef7]  printf+0x2ef7


---------------  P R O C E S S  ---------------

Java Threads: ( => current thread )

Other Threads:

=>0x00007f56dc009000 (exited) JavaThread "Unknown thread" [_thread_in_vm, id=24552, stack(0x00007f56e16f5000,0x00007f56e17f6000)]

VM state:not at safepoint (not fully initialized)

VM Mutex/Monitor currently owned by a thread: None

GC Heap History (0 events):
No events

Deoptimization events (0 events):
No events

Internal exceptions (0 events):
No events

Events (10 events):
Event: 0.005 loading class 0x00007f56e03640d0
Event: 0.006 loading class 0x00007f56e03640d0 done
Event: 0.006 loading class 0x00007f56e0364110
Event: 0.007 loading class 0x00007f56e03646f0
Event: 0.007 loading class 0x00007f56e03646f0 done
Event: 0.007 loading class 0x00007f56e036ad50
Event: 0.007 loading class 0x00007f56e036ad50 done
Event: 0.007 loading class 0x00007f56e0364110 done
Event: 0.007 loading class 0x00007f56e03640f0
Event: 0.007 loading class 0x00007f56e03640f0 done


Dynamic libraries:
00400000-00401000 r-xp 00000000 08:01 2385019                            /usr/lib/jvm/java-1.7.0-openjdk-1.7.0.45.x86_64/bin/java
00600000-00602000 rw-p 00000000 08:01 2385019                            /usr/lib/jvm/java-1.7.0-openjdk-1.7.0.45.x86_64/bin/java
022b9000-022da000 rw-p 00000000 00:00 0                                  [heap]
ba400000-bb900000 rw-p 00000000 00:00 0 
bb900000-c4a00000 rw-p 00000000 00:00 0 
c4a00000-c7180000 rw-p 00000000 00:00 0 
c7180000-ec300000 rw-p 00000000 00:00 0 
ec300000-ed700000 rw-p 00000000 00:00 0 
ed700000-100000000 rw-p 00000000 00:00 0 
391a000000-391a020000 r-xp 00000000 08:01 671766                         /lib64/ld-2.12.so
391a21f000-391a220000 r--p 0001f000 08:01 671766                         /lib64/ld-2.12.so
391a220000-391a221000 rw-p 00020000 08:01 671766                         /lib64/ld-2.12.so
391a221000-391a222000 rw-p 00000000 00:00 0 
391a400000-391a58b000 r-xp 00000000 08:01 671789                         /lib64/libc-2.12.so
391a58b000-391a78a000 ---p 0018b000 08:01 671789                         /lib64/libc-2.12.so
391a78a000-391a78e000 r--p 0018a000 08:01 671789                         /lib64/libc-2.12.so
391a78e000-391a78f000 rw-p 0018e000 08:01 671789                         /lib64/libc-2.12.so
391a78f000-391a794000 rw-p 00000000 00:00 0 
391a800000-391a80d000 r-xp 00000000 08:01 2384507                        /usr/lib/jvm/java-1.7.0-openjdk-1.7.0.45.x86_64/lib/amd64/jli/libjli.so
391a80d000-391aa0c000 ---p 0000d000 08:01 2384507                        /usr/lib/jvm/java-1.7.0-openjdk-1.7.0.45.x86_64/lib/amd64/jli/libjli.so
391aa0c000-391aa0d000 rw-p 0000c000 08:01 2384507                        /usr/lib/jvm/java-1.7.0-openjdk-1.7.0.45.x86_64/lib/amd64/jli/libjli.so
391ac00000-391ac02000 r-xp 00000000 08:01 671976                         /lib64/libdl-2.12.so
391ac02000-391ae02000 ---p 00002000 08:01 671976                         /lib64/libdl-2.12.so
391ae02000-391ae03000 r--p 00002000 08:01 671976                         /lib64/libdl-2.12.so
391ae03000-391ae04000 rw-p 00003000 08:01 671976                         /lib64/libdl-2.12.so
391b000000-391b017000 r-xp 00000000 08:01 671961                         /lib64/libpthread-2.12.so
391b017000-391b217000 ---p 00017000 08:01 671961                         /lib64/libpthread-2.12.so
391b217000-391b218000 r--p 00017000 08:01 671961                         /lib64/libpthread-2.12.so
391b218000-391b219000 rw-p 00018000 08:01 671961                         /lib64/libpthread-2.12.so
391b219000-391b21d000 rw-p 00000000 00:00 0 
391b400000-391b415000 r-xp 00000000 08:01 671832                         /lib64/libz.so.1.2.3
391b415000-391b614000 ---p 00015000 08:01 671832                         /lib64/libz.so.1.2.3
391b614000-391b615000 r--p 00014000 08:01 671832                         /lib64/libz.so.1.2.3
391b615000-391b616000 rw-p 00015000 08:01 671832                         /lib64/libz.so.1.2.3
391b800000-391b807000 r-xp 00000000 08:01 672298                         /lib64/librt-2.12.so
391b807000-391ba06000 ---p 00007000 08:01 672298                         /lib64/librt-2.12.so
391ba06000-391ba07000 r--p 00006000 08:01 672298                         /lib64/librt-2.12.so
391ba07000-391ba08000 rw-p 00007000 08:01 672298                         /lib64/librt-2.12.so
391f000000-391f016000 r-xp 00000000 08:01 671959                         /lib64/libgcc_s-4.4.7-20120601.so.1
391f016000-391f215000 ---p 00016000 08:01 671959                         /lib64/libgcc_s-4.4.7-20120601.so.1
391f215000-391f216000 rw-p 00015000 08:01 671959                         /lib64/libgcc_s-4.4.7-20120601.so.1
3921000000-39210e8000 r-xp 00000000 08:01 1770140                        /usr/lib64/libstdc++.so.6.0.13
39210e8000-39212e8000 ---p 000e8000 08:01 1770140                        /usr/lib64/libstdc++.so.6.0.13
39212e8000-39212ef000 r--p 000e8000 08:01 1770140                        /usr/lib64/libstdc++.so.6.0.13
39212ef000-39212f1000 rw-p 000ef000 08:01 1770140                        /usr/lib64/libstdc++.so.6.0.13
39212f1000-3921306000 rw-p 00000000 00:00 0 
7f56c8000000-7f56c8021000 rw-p 00000000 00:00 0 
7f56c8021000-7f56cc000000 ---p 00000000 00:00 0 
7f56d0000000-7f56d0021000 rw-p 00000000 00:00 0 
7f56d0021000-7f56d4000000 ---p 00000000 00:00 0 
7f56d6d20000-7f56d9000000 rw-p 00000000 00:00 0 
7f56d9000000-7f56d9270000 rwxp 00000000 00:00 0 
7f56d9270000-7f56dc04e000 rw-p 00000000 00:00 0 
7f56dc04e000-7f56e0000000 ---p 00000000 00:00 0 
7f56e02de000-7f56e02ee000 r--s 000bf000 00:13 880472066                  /afs/inf.ed.ac.uk/group/teaching/sdp/sdp2/lejos_nxj/lib/nxt/classes.jar
7f56e02ee000-7f56e05ed000 rw-p 00000000 00:00 0 
7f56e05ed000-7f56e05ee000 ---p 00000000 00:00 0 
7f56e05ee000-7f56e06ee000 rw-p 00000000 00:00 0 
7f56e06ee000-7f56e06ef000 ---p 00000000 00:00 0 
7f56e06ef000-7f56e07fa000 rw-p 00000000 00:00 0 
7f56e07fa000-7f56e0842000 rw-p 00000000 00:00 0 
7f56e0842000-7f56e0856000 rw-p 00000000 00:00 0 
7f56e0856000-7f56e097f000 rw-p 00000000 00:00 0 
7f56e097f000-7f56e098a000 rw-p 00000000 00:00 0 
7f56e098a000-7f56e09d2000 rw-p 00000000 00:00 0 
7f56e09d2000-7f56e09e6000 rw-p 00000000 00:00 0 
7f56e09e6000-7f56e0b0e000 rw-p 00000000 00:00 0 
7f56e0b0e000-7f56e0b19000 rw-p 00000000 00:00 0 
7f56e0b19000-7f56e0bad000 rw-p 00000000 00:00 0 
7f56e0bad000-7f56e0bb8000 rw-p 00000000 00:00 0 
7f56e0bb8000-7f56e0c6e000 rw-p 00000000 00:00 0 
7f56e0c6e000-7f56e0c76000 r-xp 00000000 08:01 2256141                    /usr/lib/jvm/java-1.7.0-openjdk-1.7.0.45.x86_64/jre/lib/amd64/libzip.so
7f56e0c76000-7f56e0e75000 ---p 00008000 08:01 2256141                    /usr/lib/jvm/java-1.7.0-openjdk-1.7.0.45.x86_64/jre/lib/amd64/libzip.so
7f56e0e75000-7f56e0e76000 rw-p 00007000 08:01 2256141                    /usr/lib/jvm/java-1.7.0-openjdk-1.7.0.45.x86_64/jre/lib/amd64/libzip.so
7f56e0e76000-7f56e0e81000 r-xp 00000000 08:01 671846                     /lib64/libnss_ldap.so.2
7f56e0e81000-7f56e1080000 ---p 0000b000 08:01 671846                     /lib64/libnss_ldap.so.2
7f56e1080000-7f56e1081000 rw-p 0000a000 08:01 671846                     /lib64/libnss_ldap.so.2
7f56e1081000-7f56e108d000 r-xp 00000000 08:01 671960                     /lib64/libnss_files-2.12.so
7f56e108d000-7f56e128d000 ---p 0000c000 08:01 671960                     /lib64/libnss_files-2.12.so
7f56e128d000-7f56e128e000 r--p 0000c000 08:01 671960                     /lib64/libnss_files-2.12.so
7f56e128e000-7f56e128f000 rw-p 0000d000 08:01 671960                     /lib64/libnss_files-2.12.so
7f56e1294000-7f56e12bc000 rw-p 00000000 00:00 0 
7f56e12bc000-7f56e12e5000 r-xp 00000000 08:01 2256120                    /usr/lib/jvm/java-1.7.0-openjdk-1.7.0.45.x86_64/jre/lib/amd64/libjava.so
7f56e12e5000-7f56e14e4000 ---p 00029000 08:01 2256120                    /usr/lib/jvm/java-1.7.0-openjdk-1.7.0.45.x86_64/jre/lib/amd64/libjava.so
7f56e14e4000-7f56e14e6000 rw-p 00028000 08:01 2256120                    /usr/lib/jvm/java-1.7.0-openjdk-1.7.0.45.x86_64/jre/lib/amd64/libjava.so
7f56e14e6000-7f56e14f3000 r-xp 00000000 08:01 2256140                    /usr/lib/jvm/java-1.7.0-openjdk-1.7.0.45.x86_64/jre/lib/amd64/libverify.so
7f56e14f3000-7f56e16f3000 ---p 0000d000 08:01 2256140                    /usr/lib/jvm/java-1.7.0-openjdk-1.7.0.45.x86_64/jre/lib/amd64/libverify.so
7f56e16f3000-7f56e16f5000 rw-p 0000d000 08:01 2256140                    /usr/lib/jvm/java-1.7.0-openjdk-1.7.0.45.x86_64/jre/lib/amd64/libverify.so
7f56e16f5000-7f56e16f8000 ---p 00000000 00:00 0 
7f56e16f8000-7f56e17f6000 rw-p 00000000 00:00 0 
7f56e17f6000-7f56e1879000 r-xp 00000000 08:01 671791                     /lib64/libm-2.12.so
7f56e1879000-7f56e1a78000 ---p 00083000 08:01 671791                     /lib64/libm-2.12.so
7f56e1a78000-7f56e1a79000 r--p 00082000 08:01 671791                     /lib64/libm-2.12.so
7f56e1a79000-7f56e1a7a000 rw-p 00083000 08:01 671791                     /lib64/libm-2.12.so
7f56e1a7a000-7f56e2564000 r-xp 00000000 08:01 2256145                    /usr/lib/jvm/java-1.7.0-openjdk-1.7.0.45.x86_64/jre/lib/amd64/server/libjvm.so
7f56e2564000-7f56e2764000 ---p 00aea000 08:01 2256145                    /usr/lib/jvm/java-1.7.0-openjdk-1.7.0.45.x86_64/jre/lib/amd64/server/libjvm.so
7f56e2764000-7f56e281f000 rw-p 00aea000 08:01 2256145                    /usr/lib/jvm/java-1.7.0-openjdk-1.7.0.45.x86_64/jre/lib/amd64/server/libjvm.so
7f56e281f000-7f56e284f000 rw-p 00000000 00:00 0 
7f56e285a000-7f56e2872000 rw-p 00000000 00:00 0 
7f56e2872000-7f56e287a000 rw-s 00000000 08:01 385665                     /tmp/hsperfdata_s1128614/24547
7f56e287a000-7f56e287b000 rw-p 00000000 00:00 0 
7f56e287b000-7f56e287c000 r--p 00000000 00:00 0 
7f56e287c000-7f56e287d000 rw-p 00000000 00:00 0 
7fff645ba000-7fff645d0000 rw-p 00000000 00:00 0                          [stack]
7fff645ff000-7fff64600000 r-xp 00000000 00:00 0                          [vdso]
ffffffffff600000-ffffffffff601000 r-xp 00000000 00:00 0                  [vsyscall]

VM Arguments:
jvm_args: -Dfile.encoding=UTF-8 -Xbootclasspath:/group/teaching/sdp/sdp2/lejos_nxj/lib/nxt/classes.jar 
java_command: group2.sdp.robot.comms.Receiver
Launcher Type: SUN_STANDARD

Environment Variables:
PATH=/group/teaching/sdp/sdp2/lejos_nxj/bin:/usr/lib64/qt-3.3/bin:/usr/local/bin/:/usr/games:/usr/local/sbin:/usr/bin:/bin:/opt/sicstus-4.0.1/bin
LD_LIBRARY_PATH=$LD_LIBRARY_PATH:lib
SHELL=/bin/bash
DISPLAY=:0.0

Signal Handlers:
SIGSEGV: [libjvm.so+0x9249f0], sa_mask[0]=0x7ffbfeff, sa_flags=0x10000004
SIGBUS: [libjvm.so+0x9249f0], sa_mask[0]=0x7ffbfeff, sa_flags=0x10000004
SIGFPE: [libjvm.so+0x7b25a0], sa_mask[0]=0x7ffbfeff, sa_flags=0x10000004
SIGPIPE: [libjvm.so+0x7b25a0], sa_mask[0]=0x7ffbfeff, sa_flags=0x10000004
SIGXFSZ: [libjvm.so+0x7b25a0], sa_mask[0]=0x7ffbfeff, sa_flags=0x10000004
SIGILL: [libjvm.so+0x7b25a0], sa_mask[0]=0x7ffbfeff, sa_flags=0x10000004
SIGUSR1: SIG_DFL, sa_mask[0]=0x00000000, sa_flags=0x00000000
SIGUSR2: [libjvm.so+0x7b3a30], sa_mask[0]=0x00000004, sa_flags=0x10000004
SIGHUP: SIG_DFL, sa_mask[0]=0x00000000, sa_flags=0x00000000
SIGINT: SIG_DFL, sa_mask[0]=0x00000000, sa_flags=0x00000000
SIGTERM: SIG_DFL, sa_mask[0]=0x00000000, sa_flags=0x00000000
SIGQUIT: SIG_DFL, sa_mask[0]=0x00000000, sa_flags=0x00000000


---------------  S Y S T E M  ---------------

OS:Scientific Linux release 6.4 (Carbon)

uname:Linux 2.6.32-358.6.2.el6.x86_64 #1 SMP Thu May 16 11:21:38 CDT 2013 x86_64
libc:glibc 2.12 NPTL 2.12 
rlimit: STACK 10240k, CORE 0k, NPROC 1024, NOFILE 4096, AS infinity
load average:0.07 0.03 0.07

/proc/meminfo:
MemTotal:        3888412 kB
MemFree:          572848 kB
Buffers:          139040 kB
Cached:          1274156 kB
SwapCached:         8740 kB
Active:          2004372 kB
Inactive:         970984 kB
Active(anon):    1387508 kB
Inactive(anon):   307676 kB
Active(file):     616864 kB
Inactive(file):   663308 kB
Unevictable:        8232 kB
Mlocked:            8232 kB
SwapTotal:       4096564 kB
SwapFree:        3971316 kB
Dirty:               684 kB
Writeback:             0 kB
AnonPages:       1562876 kB
Mapped:           196916 kB
Shmem:            125664 kB
Slab:             183648 kB
SReclaimable:     135616 kB
SUnreclaim:        48032 kB
KernelStack:        4968 kB
PageTables:        75244 kB
NFS_Unstable:          0 kB
Bounce:                0 kB
WritebackTmp:          0 kB
CommitLimit:     6040768 kB
Committed_AS:    4827264 kB
VmallocTotal:   34359738367 kB
VmallocUsed:      569472 kB
VmallocChunk:   34359101632 kB
HardwareCorrupted:     0 kB
AnonHugePages:    690176 kB
HugePages_Total:       0
HugePages_Free:        0
HugePages_Rsvd:        0
HugePages_Surp:        0
Hugepagesize:       2048 kB
DirectMap4k:       10236 kB
DirectMap2M:     4016128 kB


CPU:total 2 (2 cores per cpu, 1 threads per core) family 6 model 23 stepping 10, cmov, cx8, fxsr, mmx, sse, sse2, sse3, ssse3, sse4.1, tsc

/proc/cpuinfo:
processor	: 0
vendor_id	: GenuineIntel
cpu family	: 6
model		: 23
model name	: Intel(R) Core(TM)2 Duo CPU     E8500  @ 3.16GHz
stepping	: 10
cpu MHz		: 3166.000
cache size	: 6144 KB
physical id	: 0
siblings	: 2
core id		: 0
cpu cores	: 2
apicid		: 0
initial apicid	: 0
fpu		: yes
fpu_exception	: yes
cpuid level	: 13
wp		: yes
flags		: fpu vme de pse tsc msr pae mce cx8 apic sep mtrr pge mca cmov pat pse36 clflush dts acpi mmx fxsr sse sse2 ss ht tm pbe syscall nx lm constant_tsc arch_perfmon pebs bts rep_good aperfmperf pni dtes64 monitor ds_cpl vmx smx est tm2 ssse3 cx16 xtpr pdcm sse4_1 xsave lahf_lm dts tpr_shadow vnmi flexpriority
bogomips	: 6317.48
clflush size	: 64
cache_alignment	: 64
address sizes	: 36 bits physical, 48 bits virtual
power management:

processor	: 1
vendor_id	: GenuineIntel
cpu family	: 6
model		: 23
model name	: Intel(R) Core(TM)2 Duo CPU     E8500  @ 3.16GHz
stepping	: 10
cpu MHz		: 3166.000
cache size	: 6144 KB
physical id	: 0
siblings	: 2
core id		: 1
cpu cores	: 2
apicid		: 1
initial apicid	: 1
fpu		: yes
fpu_exception	: yes
cpuid level	: 13
wp		: yes
flags		: fpu vme de pse tsc msr pae mce cx8 apic sep mtrr pge mca cmov pat pse36 clflush dts acpi mmx fxsr sse sse2 ss ht tm pbe syscall nx lm constant_tsc arch_perfmon pebs bts rep_good aperfmperf pni dtes64 monitor ds_cpl vmx smx est tm2 ssse3 cx16 xtpr pdcm sse4_1 xsave lahf_lm dts tpr_shadow vnmi flexpriority
bogomips	: 6317.48
clflush size	: 64
cache_alignment	: 64
address sizes	: 36 bits physical, 48 bits virtual
power management:



Memory: 4k page, physical 3888412k(572848k free), swap 4096564k(3971316k free)

vm_info: OpenJDK 64-Bit Server VM (24.45-b08) for linux-amd64 JRE (1.7.0_45-mockbuild_2013_10_22_13_40-b00), built on Oct 22 2013 13:49:11 by "mockbuild" with gcc 4.4.7 20120313 (Red Hat 4.4.7-3)

time: Sat Feb  8 15:40:07 2014
elapsed time: 0 seconds

