#
# A fatal error has been detected by the Java Runtime Environment:
#
#  Internal Error (javaClasses.cpp:136), pid=7261, tid=140649639548672
#  fatal error: Invalid layout of preloaded class
#
# JRE version:  (7.0_45-b15) (build )
# Java VM: OpenJDK 64-Bit Server VM (24.45-b08 mixed mode linux-amd64 compressed oops)
# Failed to write core dump. Core dumps have been disabled. To enable core dumping, try "ulimit -c unlimited" before starting Java again
#
# If you would like to submit a bug report, please include
# instructions on how to reproduce the bug and visit:
#   http://icedtea.classpath.org/bugzilla
#

---------------  T H R E A D  ---------------

Current thread (0x00007feb84009000):  JavaThread "Unknown thread" [_thread_in_vm, id=7266, stack(0x00007feb8bbd9000,0x00007feb8bcda000)]

Stack: [0x00007feb8bbd9000,0x00007feb8bcda000],  sp=0x00007feb8bcd8870,  free space=1022k
Native frames: (J=compiled Java code, j=interpreted, Vv=VM code, C=native code)
V  [libjvm.so+0x923f5d]  JVM_handle_linux_signal+0x1689ad
V  [libjvm.so+0x477539]  dlerror+0x477539
V  [libjvm.so+0x5d6d6b]  AsyncGetCallTrace+0xe6a0b
V  [libjvm.so+0x5d7e16]  AsyncGetCallTrace+0xe7ab6
V  [libjvm.so+0x8b053e]  JVM_handle_linux_signal+0xf4f8e
V  [libjvm.so+0x8fbe8b]  JVM_handle_linux_signal+0x1408db
V  [libjvm.so+0x8fc379]  JVM_handle_linux_signal+0x140dc9
V  [libjvm.so+0x583c9a]  AsyncGetCallTrace+0x9393a
V  [libjvm.so+0x8e4d09]  JVM_handle_linux_signal+0x129759
V  [libjvm.so+0x5df83f]  JNI_CreateJavaVM+0x6f
C  [libjli.so+0x2ef7]  printf+0x2ef7


---------------  P R O C E S S  ---------------

Java Threads: ( => current thread )

Other Threads:

=>0x00007feb84009000 (exited) JavaThread "Unknown thread" [_thread_in_vm, id=7266, stack(0x00007feb8bbd9000,0x00007feb8bcda000)]

VM state:not at safepoint (not fully initialized)

VM Mutex/Monitor currently owned by a thread: None

GC Heap History (0 events):
No events

Deoptimization events (0 events):
No events

Internal exceptions (0 events):
No events

Events (10 events):
Event: 0.006 loading class 0x00007feb814a60d0
Event: 0.007 loading class 0x00007feb814a60d0 done
Event: 0.007 loading class 0x00007feb814a6110
Event: 0.007 loading class 0x00007feb814a66f0
Event: 0.007 loading class 0x00007feb814a66f0 done
Event: 0.007 loading class 0x00007feb814acd50
Event: 0.007 loading class 0x00007feb814acd50 done
Event: 0.007 loading class 0x00007feb814a6110 done
Event: 0.007 loading class 0x00007feb814a60f0
Event: 0.007 loading class 0x00007feb814a60f0 done


Dynamic libraries:
00400000-00401000 r-xp 00000000 08:01 2465859                            /usr/lib/jvm/java-1.7.0-openjdk-1.7.0.45.x86_64/bin/java
00600000-00602000 rw-p 00000000 08:01 2465859                            /usr/lib/jvm/java-1.7.0-openjdk-1.7.0.45.x86_64/bin/java
019f7000-01a18000 rw-p 00000000 00:00 0                                  [heap]
b9600000-bab00000 rw-p 00000000 00:00 0 
bab00000-c3c00000 rw-p 00000000 00:00 0 
c3c00000-c6400000 rw-p 00000000 00:00 0 
c6400000-ebe80000 rw-p 00000000 00:00 0 
ebe80000-ed300000 rw-p 00000000 00:00 0 
ed300000-100000000 rw-p 00000000 00:00 0 
3378800000-3378820000 r-xp 00000000 08:01 49199                          /lib64/ld-2.12.so
3378a1f000-3378a20000 r--p 0001f000 08:01 49199                          /lib64/ld-2.12.so
3378a20000-3378a21000 rw-p 00020000 08:01 49199                          /lib64/ld-2.12.so
3378a21000-3378a22000 rw-p 00000000 00:00 0 
3378c00000-3378d8b000 r-xp 00000000 08:01 49236                          /lib64/libc-2.12.so
3378d8b000-3378f8a000 ---p 0018b000 08:01 49236                          /lib64/libc-2.12.so
3378f8a000-3378f8e000 r--p 0018a000 08:01 49236                          /lib64/libc-2.12.so
3378f8e000-3378f8f000 rw-p 0018e000 08:01 49236                          /lib64/libc-2.12.so
3378f8f000-3378f94000 rw-p 00000000 00:00 0 
3379000000-337900d000 r-xp 00000000 08:01 2465809                        /usr/lib/jvm/java-1.7.0-openjdk-1.7.0.45.x86_64/lib/amd64/jli/libjli.so
337900d000-337920c000 ---p 0000d000 08:01 2465809                        /usr/lib/jvm/java-1.7.0-openjdk-1.7.0.45.x86_64/lib/amd64/jli/libjli.so
337920c000-337920d000 rw-p 0000c000 08:01 2465809                        /usr/lib/jvm/java-1.7.0-openjdk-1.7.0.45.x86_64/lib/amd64/jli/libjli.so
3379400000-3379402000 r-xp 00000000 08:01 49404                          /lib64/libdl-2.12.so
3379402000-3379602000 ---p 00002000 08:01 49404                          /lib64/libdl-2.12.so
3379602000-3379603000 r--p 00002000 08:01 49404                          /lib64/libdl-2.12.so
3379603000-3379604000 rw-p 00003000 08:01 49404                          /lib64/libdl-2.12.so
3379800000-3379817000 r-xp 00000000 08:01 49401                          /lib64/libpthread-2.12.so
3379817000-3379a17000 ---p 00017000 08:01 49401                          /lib64/libpthread-2.12.so
3379a17000-3379a18000 r--p 00017000 08:01 49401                          /lib64/libpthread-2.12.so
3379a18000-3379a19000 rw-p 00018000 08:01 49401                          /lib64/libpthread-2.12.so
3379a19000-3379a1d000 rw-p 00000000 00:00 0 
3379c00000-3379c15000 r-xp 00000000 08:01 49244                          /lib64/libz.so.1.2.3
3379c15000-3379e14000 ---p 00015000 08:01 49244                          /lib64/libz.so.1.2.3
3379e14000-3379e15000 r--p 00014000 08:01 49244                          /lib64/libz.so.1.2.3
3379e15000-3379e16000 rw-p 00015000 08:01 49244                          /lib64/libz.so.1.2.3
337a000000-337a007000 r-xp 00000000 08:01 50091                          /lib64/librt-2.12.so
337a007000-337a206000 ---p 00007000 08:01 50091                          /lib64/librt-2.12.so
337a206000-337a207000 r--p 00006000 08:01 50091                          /lib64/librt-2.12.so
337a207000-337a208000 rw-p 00007000 08:01 50091                          /lib64/librt-2.12.so
337d800000-337d816000 r-xp 00000000 08:01 49347                          /lib64/libgcc_s-4.4.7-20120601.so.1
337d816000-337da15000 ---p 00016000 08:01 49347                          /lib64/libgcc_s-4.4.7-20120601.so.1
337da15000-337da16000 rw-p 00015000 08:01 49347                          /lib64/libgcc_s-4.4.7-20120601.so.1
337f800000-337f8e8000 r-xp 00000000 08:01 1918210                        /usr/lib64/libstdc++.so.6.0.13
337f8e8000-337fae8000 ---p 000e8000 08:01 1918210                        /usr/lib64/libstdc++.so.6.0.13
337fae8000-337faef000 r--p 000e8000 08:01 1918210                        /usr/lib64/libstdc++.so.6.0.13
337faef000-337faf1000 rw-p 000ef000 08:01 1918210                        /usr/lib64/libstdc++.so.6.0.13
337faf1000-337fb06000 rw-p 00000000 00:00 0 
7feb74000000-7feb74021000 rw-p 00000000 00:00 0 
7feb74021000-7feb78000000 ---p 00000000 00:00 0 
7feb7c000000-7feb7c021000 rw-p 00000000 00:00 0 
7feb7c021000-7feb80000000 ---p 00000000 00:00 0 
7feb81430000-7feb83a86000 rw-p 00000000 00:00 0 
7feb83a86000-7feb83a87000 ---p 00000000 00:00 0 
7feb83a87000-7feb83b87000 rw-p 00000000 00:00 0 
7feb83b87000-7feb83b88000 ---p 00000000 00:00 0 
7feb83b88000-7feb83c9c000 rw-p 00000000 00:00 0 
7feb83c9c000-7feb83dca000 rw-p 00000000 00:00 0 
7feb83dca000-7feb83dd5000 rw-p 00000000 00:00 0 
7feb83dd5000-7feb83e1d000 rw-p 00000000 00:00 0 
7feb83e1d000-7feb83e31000 rw-p 00000000 00:00 0 
7feb83e31000-7feb83f5e000 rw-p 00000000 00:00 0 
7feb83f5e000-7feb83f69000 rw-p 00000000 00:00 0 
7feb83f69000-7feb83fff000 rw-p 00000000 00:00 0 
7feb83fff000-7feb84000000 rw-p 00000000 00:00 0 
7feb84000000-7feb8404e000 rw-p 00000000 00:00 0 
7feb8404e000-7feb88000000 ---p 00000000 00:00 0 
7feb8802f000-7feb8803f000 r--s 000bf000 00:14 880472066                  /afs/inf.ed.ac.uk/group/teaching/sdp/sdp2/lejos_nxj/lib/nxt/classes.jar
7feb8803f000-7feb8804a000 rw-p 00000000 00:00 0 
7feb8804a000-7feb88092000 rw-p 00000000 00:00 0 
7feb88092000-7feb8809c000 rw-p 00000000 00:00 0 
7feb8809c000-7feb88152000 rw-p 00000000 00:00 0 
7feb88152000-7feb883c2000 rwxp 00000000 00:00 0 
7feb883c2000-7feb8b152000 rw-p 00000000 00:00 0 
7feb8b152000-7feb8b15a000 r-xp 00000000 08:01 2453045                    /usr/lib/jvm/java-1.7.0-openjdk-1.7.0.45.x86_64/jre/lib/amd64/libzip.so
7feb8b15a000-7feb8b359000 ---p 00008000 08:01 2453045                    /usr/lib/jvm/java-1.7.0-openjdk-1.7.0.45.x86_64/jre/lib/amd64/libzip.so
7feb8b359000-7feb8b35a000 rw-p 00007000 08:01 2453045                    /usr/lib/jvm/java-1.7.0-openjdk-1.7.0.45.x86_64/jre/lib/amd64/libzip.so
7feb8b35a000-7feb8b365000 r-xp 00000000 08:01 52483                      /lib64/libnss_ldap.so.2
7feb8b365000-7feb8b564000 ---p 0000b000 08:01 52483                      /lib64/libnss_ldap.so.2
7feb8b564000-7feb8b565000 rw-p 0000a000 08:01 52483                      /lib64/libnss_ldap.so.2
7feb8b565000-7feb8b571000 r-xp 00000000 08:01 49383                      /lib64/libnss_files-2.12.so
7feb8b571000-7feb8b771000 ---p 0000c000 08:01 49383                      /lib64/libnss_files-2.12.so
7feb8b771000-7feb8b772000 r--p 0000c000 08:01 49383                      /lib64/libnss_files-2.12.so
7feb8b772000-7feb8b773000 rw-p 0000d000 08:01 49383                      /lib64/libnss_files-2.12.so
7feb8b778000-7feb8b7a0000 rw-p 00000000 00:00 0 
7feb8b7a0000-7feb8b7c9000 r-xp 00000000 08:01 2453024                    /usr/lib/jvm/java-1.7.0-openjdk-1.7.0.45.x86_64/jre/lib/amd64/libjava.so
7feb8b7c9000-7feb8b9c8000 ---p 00029000 08:01 2453024                    /usr/lib/jvm/java-1.7.0-openjdk-1.7.0.45.x86_64/jre/lib/amd64/libjava.so
7feb8b9c8000-7feb8b9ca000 rw-p 00028000 08:01 2453024                    /usr/lib/jvm/java-1.7.0-openjdk-1.7.0.45.x86_64/jre/lib/amd64/libjava.so
7feb8b9ca000-7feb8b9d7000 r-xp 00000000 08:01 2453044                    /usr/lib/jvm/java-1.7.0-openjdk-1.7.0.45.x86_64/jre/lib/amd64/libverify.so
7feb8b9d7000-7feb8bbd7000 ---p 0000d000 08:01 2453044                    /usr/lib/jvm/java-1.7.0-openjdk-1.7.0.45.x86_64/jre/lib/amd64/libverify.so
7feb8bbd7000-7feb8bbd9000 rw-p 0000d000 08:01 2453044                    /usr/lib/jvm/java-1.7.0-openjdk-1.7.0.45.x86_64/jre/lib/amd64/libverify.so
7feb8bbd9000-7feb8bbdc000 ---p 00000000 00:00 0 
7feb8bbdc000-7feb8bcda000 rw-p 00000000 00:00 0 
7feb8bcda000-7feb8bd5d000 r-xp 00000000 08:01 49237                      /lib64/libm-2.12.so
7feb8bd5d000-7feb8bf5c000 ---p 00083000 08:01 49237                      /lib64/libm-2.12.so
7feb8bf5c000-7feb8bf5d000 r--p 00082000 08:01 49237                      /lib64/libm-2.12.so
7feb8bf5d000-7feb8bf5e000 rw-p 00083000 08:01 49237                      /lib64/libm-2.12.so
7feb8bf5e000-7feb8ca48000 r-xp 00000000 08:01 2453049                    /usr/lib/jvm/java-1.7.0-openjdk-1.7.0.45.x86_64/jre/lib/amd64/server/libjvm.so
7feb8ca48000-7feb8cc48000 ---p 00aea000 08:01 2453049                    /usr/lib/jvm/java-1.7.0-openjdk-1.7.0.45.x86_64/jre/lib/amd64/server/libjvm.so
7feb8cc48000-7feb8cd03000 rw-p 00aea000 08:01 2453049                    /usr/lib/jvm/java-1.7.0-openjdk-1.7.0.45.x86_64/jre/lib/amd64/server/libjvm.so
7feb8cd03000-7feb8cd33000 rw-p 00000000 00:00 0 
7feb8cd3d000-7feb8cd56000 rw-p 00000000 00:00 0 
7feb8cd56000-7feb8cd5e000 rw-s 00000000 08:01 1589689                    /tmp/hsperfdata_s1140740/7261
7feb8cd5e000-7feb8cd5f000 rw-p 00000000 00:00 0 
7feb8cd5f000-7feb8cd60000 r--p 00000000 00:00 0 
7feb8cd60000-7feb8cd61000 rw-p 00000000 00:00 0 
7fff55f5e000-7fff55f74000 rw-p 00000000 00:00 0                          [stack]
7fff55fea000-7fff55feb000 r-xp 00000000 00:00 0                          [vdso]
ffffffffff600000-ffffffffff601000 r-xp 00000000 00:00 0                  [vsyscall]

VM Arguments:
jvm_args: -Dfile.encoding=UTF-8 -Xbootclasspath:/group/teaching/sdp/sdp2/lejos_nxj/lib/nxt/classes.jar 
java_command: group2.sdp.robot.comms.Receiver
Launcher Type: SUN_STANDARD

Environment Variables:
PATH=/usr/lib64/qt-3.3/bin:/usr/local/bin/:/usr/games:/usr/local/sbin:/usr/bin:/bin:/opt/sicstus-4.0.1/bin
SHELL=/bin/bash
DISPLAY=:0.0

Signal Handlers:
SIGSEGV: [libjvm.so+0x9249f0], sa_mask[0]=0x7ffbfeff, sa_flags=0x10000004
SIGBUS: [libjvm.so+0x9249f0], sa_mask[0]=0x7ffbfeff, sa_flags=0x10000004
SIGFPE: [libjvm.so+0x7b25a0], sa_mask[0]=0x7ffbfeff, sa_flags=0x10000004
SIGPIPE: [libjvm.so+0x7b25a0], sa_mask[0]=0x7ffbfeff, sa_flags=0x10000004
SIGXFSZ: [libjvm.so+0x7b25a0], sa_mask[0]=0x7ffbfeff, sa_flags=0x10000004
SIGILL: [libjvm.so+0x7b25a0], sa_mask[0]=0x7ffbfeff, sa_flags=0x10000004
SIGUSR1: SIG_DFL, sa_mask[0]=0x00000000, sa_flags=0x00000000
SIGUSR2: [libjvm.so+0x7b3a30], sa_mask[0]=0x00000004, sa_flags=0x10000004
SIGHUP: SIG_DFL, sa_mask[0]=0x00000000, sa_flags=0x00000000
SIGINT: SIG_DFL, sa_mask[0]=0x00000000, sa_flags=0x00000000
SIGTERM: SIG_DFL, sa_mask[0]=0x00000000, sa_flags=0x00000000
SIGQUIT: SIG_DFL, sa_mask[0]=0x00000000, sa_flags=0x00000000


---------------  S Y S T E M  ---------------

OS:Scientific Linux release 6.4 (Carbon)

uname:Linux 2.6.32-358.6.2.el6.x86_64 #1 SMP Thu May 16 11:21:38 CDT 2013 x86_64
libc:glibc 2.12 NPTL 2.12 
rlimit: STACK 10240k, CORE 0k, NPROC 1024, NOFILE 4096, AS infinity
load average:0.13 0.08 0.08

/proc/meminfo:
MemTotal:        3947928 kB
MemFree:          657804 kB
Buffers:          277360 kB
Cached:          1683764 kB
SwapCached:        18684 kB
Active:          1514324 kB
Inactive:        1292764 kB
Active(anon):     637624 kB
Inactive(anon):   287360 kB
Active(file):     876700 kB
Inactive(file):  1005404 kB
Unevictable:        8236 kB
Mlocked:            8236 kB
SwapTotal:       4096564 kB
SwapFree:        4036936 kB
Dirty:               596 kB
Writeback:             0 kB
AnonPages:        835476 kB
Mapped:           126252 kB
Shmem:             72124 kB
Slab:             297116 kB
SReclaimable:     256776 kB
SUnreclaim:        40340 kB
KernelStack:        3000 kB
PageTables:        40016 kB
NFS_Unstable:          0 kB
Bounce:                0 kB
WritebackTmp:          0 kB
CommitLimit:     6070528 kB
Committed_AS:    2204080 kB
VmallocTotal:   34359738367 kB
VmallocUsed:      443768 kB
VmallocChunk:   34359232200 kB
HardwareCorrupted:     0 kB
AnonHugePages:    614400 kB
HugePages_Total:       0
HugePages_Free:        0
HugePages_Rsvd:        0
HugePages_Surp:        0
Hugepagesize:       2048 kB
DirectMap4k:        9860 kB
DirectMap2M:     4077568 kB


CPU:total 2 (2 cores per cpu, 1 threads per core) family 6 model 23 stepping 10, cmov, cx8, fxsr, mmx, sse, sse2, sse3, ssse3, sse4.1, tsc

/proc/cpuinfo:
processor	: 0
vendor_id	: GenuineIntel
cpu family	: 6
model		: 23
model name	: Intel(R) Core(TM)2 Duo CPU     E8400  @ 3.00GHz
stepping	: 10
cpu MHz		: 3000.000
cache size	: 6144 KB
physical id	: 0
siblings	: 2
core id		: 0
cpu cores	: 2
apicid		: 0
initial apicid	: 0
fpu		: yes
fpu_exception	: yes
cpuid level	: 13
wp		: yes
flags		: fpu vme de pse tsc msr pae mce cx8 apic sep mtrr pge mca cmov pat pse36 clflush dts acpi mmx fxsr sse sse2 ss ht tm pbe syscall nx lm constant_tsc arch_perfmon pebs bts rep_good aperfmperf pni dtes64 monitor ds_cpl vmx smx est tm2 ssse3 cx16 xtpr pdcm sse4_1 xsave lahf_lm dts tpr_shadow vnmi flexpriority
bogomips	: 5985.03
clflush size	: 64
cache_alignment	: 64
address sizes	: 36 bits physical, 48 bits virtual
power management:

processor	: 1
vendor_id	: GenuineIntel
cpu family	: 6
model		: 23
model name	: Intel(R) Core(TM)2 Duo CPU     E8400  @ 3.00GHz
stepping	: 10
cpu MHz		: 1998.000
cache size	: 6144 KB
physical id	: 0
siblings	: 2
core id		: 1
cpu cores	: 2
apicid		: 1
initial apicid	: 1
fpu		: yes
fpu_exception	: yes
cpuid level	: 13
wp		: yes
flags		: fpu vme de pse tsc msr pae mce cx8 apic sep mtrr pge mca cmov pat pse36 clflush dts acpi mmx fxsr sse sse2 ss ht tm pbe syscall nx lm constant_tsc arch_perfmon pebs bts rep_good aperfmperf pni dtes64 monitor ds_cpl vmx smx est tm2 ssse3 cx16 xtpr pdcm sse4_1 xsave lahf_lm dts tpr_shadow vnmi flexpriority
bogomips	: 5985.03
clflush size	: 64
cache_alignment	: 64
address sizes	: 36 bits physical, 48 bits virtual
power management:



Memory: 4k page, physical 3947928k(657680k free), swap 4096564k(4036936k free)

vm_info: OpenJDK 64-Bit Server VM (24.45-b08) for linux-amd64 JRE (1.7.0_45-mockbuild_2013_10_22_13_40-b00), built on Oct 22 2013 13:49:11 by "mockbuild" with gcc 4.4.7 20120313 (Red Hat 4.4.7-3)

time: Mon Feb 10 23:51:05 2014
elapsed time: 0 seconds

