#
# A fatal error has been detected by the Java Runtime Environment:
#
#  Internal Error (javaClasses.cpp:136), pid=10221, tid=140313647585024
#  fatal error: Invalid layout of preloaded class
#
# JRE version:  (7.0_45-b15) (build )
# Java VM: OpenJDK 64-Bit Server VM (24.45-b08 mixed mode linux-amd64 compressed oops)
# Failed to write core dump. Core dumps have been disabled. To enable core dumping, try "ulimit -c unlimited" before starting Java again
#
# If you would like to submit a bug report, please include
# instructions on how to reproduce the bug and visit:
#   http://icedtea.classpath.org/bugzilla
#

---------------  T H R E A D  ---------------

Current thread (0x00007f9d4c009000):  JavaThread "Unknown thread" [_thread_in_vm, id=10223, stack(0x00007f9d510f1000,0x00007f9d511f2000)]

Stack: [0x00007f9d510f1000,0x00007f9d511f2000],  sp=0x00007f9d511f0870,  free space=1022k
Native frames: (J=compiled Java code, j=interpreted, Vv=VM code, C=native code)
V  [libjvm.so+0x923f5d]  JVM_handle_linux_signal+0x1689ad
V  [libjvm.so+0x477539]  dlerror+0x477539
V  [libjvm.so+0x5d6d6b]  AsyncGetCallTrace+0xe6a0b
V  [libjvm.so+0x5d7e16]  AsyncGetCallTrace+0xe7ab6
V  [libjvm.so+0x8b053e]  JVM_handle_linux_signal+0xf4f8e
V  [libjvm.so+0x8fbe8b]  JVM_handle_linux_signal+0x1408db
V  [libjvm.so+0x8fc379]  JVM_handle_linux_signal+0x140dc9
V  [libjvm.so+0x583c9a]  AsyncGetCallTrace+0x9393a
V  [libjvm.so+0x8e4d09]  JVM_handle_linux_signal+0x129759
V  [libjvm.so+0x5df83f]  JNI_CreateJavaVM+0x6f
C  [libjli.so+0x2ef7]  printf+0x2ef7


---------------  P R O C E S S  ---------------

Java Threads: ( => current thread )

Other Threads:

=>0x00007f9d4c009000 (exited) JavaThread "Unknown thread" [_thread_in_vm, id=10223, stack(0x00007f9d510f1000,0x00007f9d511f2000)]

VM state:not at safepoint (not fully initialized)

VM Mutex/Monitor currently owned by a thread: None

GC Heap History (0 events):
No events

Deoptimization events (0 events):
No events

Internal exceptions (0 events):
No events

Events (10 events):
Event: 0.007 loading class 0x00007f9d500880d0
Event: 0.008 loading class 0x00007f9d500880d0 done
Event: 0.008 loading class 0x00007f9d50088110
Event: 0.008 loading class 0x00007f9d500886f0
Event: 0.008 loading class 0x00007f9d500886f0 done
Event: 0.008 loading class 0x00007f9d5008ed50
Event: 0.008 loading class 0x00007f9d5008ed50 done
Event: 0.008 loading class 0x00007f9d50088110 done
Event: 0.008 loading class 0x00007f9d500880f0
Event: 0.008 loading class 0x00007f9d500880f0 done


Dynamic libraries:
00400000-00401000 r-xp 00000000 08:01 1280888                            /usr/lib/jvm/java-1.7.0-openjdk-1.7.0.45.x86_64/bin/java
00600000-00602000 rw-p 00000000 08:01 1280888                            /usr/lib/jvm/java-1.7.0-openjdk-1.7.0.45.x86_64/bin/java
00ede000-00eff000 rw-p 00000000 00:00 0                                  [heap]
b9c00000-bb100000 rw-p 00000000 00:00 0 
bb100000-c4200000 rw-p 00000000 00:00 0 
c4200000-c6980000 rw-p 00000000 00:00 0 
c6980000-ec080000 rw-p 00000000 00:00 0 
ec080000-ed480000 rw-p 00000000 00:00 0 
ed480000-100000000 rw-p 00000000 00:00 0 
3e29400000-3e29420000 r-xp 00000000 08:01 2490415                        /lib64/ld-2.12.so
3e2961f000-3e29620000 r--p 0001f000 08:01 2490415                        /lib64/ld-2.12.so
3e29620000-3e29621000 rw-p 00020000 08:01 2490415                        /lib64/ld-2.12.so
3e29621000-3e29622000 rw-p 00000000 00:00 0 
3e29800000-3e2998b000 r-xp 00000000 08:01 2490422                        /lib64/libc-2.12.so
3e2998b000-3e29b8a000 ---p 0018b000 08:01 2490422                        /lib64/libc-2.12.so
3e29b8a000-3e29b8e000 r--p 0018a000 08:01 2490422                        /lib64/libc-2.12.so
3e29b8e000-3e29b8f000 rw-p 0018e000 08:01 2490422                        /lib64/libc-2.12.so
3e29b8f000-3e29b94000 rw-p 00000000 00:00 0 
3e29c00000-3e29c0d000 r-xp 00000000 08:01 1280980                        /usr/lib/jvm/java-1.7.0-openjdk-1.7.0.45.x86_64/lib/amd64/jli/libjli.so
3e29c0d000-3e29e0c000 ---p 0000d000 08:01 1280980                        /usr/lib/jvm/java-1.7.0-openjdk-1.7.0.45.x86_64/lib/amd64/jli/libjli.so
3e29e0c000-3e29e0d000 rw-p 0000c000 08:01 1280980                        /usr/lib/jvm/java-1.7.0-openjdk-1.7.0.45.x86_64/lib/amd64/jli/libjli.so
3e2a000000-3e2a002000 r-xp 00000000 08:01 2490629                        /lib64/libdl-2.12.so
3e2a002000-3e2a202000 ---p 00002000 08:01 2490629                        /lib64/libdl-2.12.so
3e2a202000-3e2a203000 r--p 00002000 08:01 2490629                        /lib64/libdl-2.12.so
3e2a203000-3e2a204000 rw-p 00003000 08:01 2490629                        /lib64/libdl-2.12.so
3e2a400000-3e2a417000 r-xp 00000000 08:01 2490451                        /lib64/libpthread-2.12.so
3e2a417000-3e2a617000 ---p 00017000 08:01 2490451                        /lib64/libpthread-2.12.so
3e2a617000-3e2a618000 r--p 00017000 08:01 2490451                        /lib64/libpthread-2.12.so
3e2a618000-3e2a619000 rw-p 00018000 08:01 2490451                        /lib64/libpthread-2.12.so
3e2a619000-3e2a61d000 rw-p 00000000 00:00 0 
3e2a800000-3e2a815000 r-xp 00000000 08:01 2490644                        /lib64/libz.so.1.2.3
3e2a815000-3e2aa14000 ---p 00015000 08:01 2490644                        /lib64/libz.so.1.2.3
3e2aa14000-3e2aa15000 r--p 00014000 08:01 2490644                        /lib64/libz.so.1.2.3
3e2aa15000-3e2aa16000 rw-p 00015000 08:01 2490644                        /lib64/libz.so.1.2.3
3e2ac00000-3e2ac07000 r-xp 00000000 08:01 2490593                        /lib64/librt-2.12.so
3e2ac07000-3e2ae06000 ---p 00007000 08:01 2490593                        /lib64/librt-2.12.so
3e2ae06000-3e2ae07000 r--p 00006000 08:01 2490593                        /lib64/librt-2.12.so
3e2ae07000-3e2ae08000 rw-p 00007000 08:01 2490593                        /lib64/librt-2.12.so
3e2e400000-3e2e416000 r-xp 00000000 08:01 2492739                        /lib64/libgcc_s-4.4.7-20120601.so.1
3e2e416000-3e2e615000 ---p 00016000 08:01 2492739                        /lib64/libgcc_s-4.4.7-20120601.so.1
3e2e615000-3e2e616000 rw-p 00015000 08:01 2492739                        /lib64/libgcc_s-4.4.7-20120601.so.1
3e30400000-3e304e8000 r-xp 00000000 08:01 1624785                        /usr/lib64/libstdc++.so.6.0.13
3e304e8000-3e306e8000 ---p 000e8000 08:01 1624785                        /usr/lib64/libstdc++.so.6.0.13
3e306e8000-3e306ef000 r--p 000e8000 08:01 1624785                        /usr/lib64/libstdc++.so.6.0.13
3e306ef000-3e306f1000 rw-p 000ef000 08:01 1624785                        /usr/lib64/libstdc++.so.6.0.13
3e306f1000-3e30706000 rw-p 00000000 00:00 0 
7f9d38000000-7f9d38021000 rw-p 00000000 00:00 0 
7f9d38021000-7f9d3c000000 ---p 00000000 00:00 0 
7f9d40000000-7f9d40021000 rw-p 00000000 00:00 0 
7f9d40021000-7f9d44000000 ---p 00000000 00:00 0 
7f9d469ad000-7f9d48eff000 rw-p 00000000 00:00 0 
7f9d48eff000-7f9d48f00000 ---p 00000000 00:00 0 
7f9d48f00000-7f9d49000000 rw-p 00000000 00:00 0 
7f9d49000000-7f9d49270000 rwxp 00000000 00:00 0 
7f9d49270000-7f9d4c04e000 rw-p 00000000 00:00 0 
7f9d4c04e000-7f9d50000000 ---p 00000000 00:00 0 
7f9d50002000-7f9d50012000 r--s 000bf000 00:13 880472066                  /afs/inf.ed.ac.uk/group/teaching/sdp/sdp2/lejos_nxj/lib/nxt/classes.jar
7f9d50012000-7f9d500e3000 rw-p 00000000 00:00 0 
7f9d500e3000-7f9d500e4000 ---p 00000000 00:00 0 
7f9d500e4000-7f9d501ef000 rw-p 00000000 00:00 0 
7f9d501ef000-7f9d50237000 rw-p 00000000 00:00 0 
7f9d50237000-7f9d5024b000 rw-p 00000000 00:00 0 
7f9d5024b000-7f9d50377000 rw-p 00000000 00:00 0 
7f9d50377000-7f9d50382000 rw-p 00000000 00:00 0 
7f9d50382000-7f9d503ca000 rw-p 00000000 00:00 0 
7f9d503ca000-7f9d503de000 rw-p 00000000 00:00 0 
7f9d503de000-7f9d50509000 rw-p 00000000 00:00 0 
7f9d50509000-7f9d50514000 rw-p 00000000 00:00 0 
7f9d50514000-7f9d505a9000 rw-p 00000000 00:00 0 
7f9d505a9000-7f9d505b4000 rw-p 00000000 00:00 0 
7f9d505b4000-7f9d5066a000 rw-p 00000000 00:00 0 
7f9d5066a000-7f9d50672000 r-xp 00000000 08:01 1158406                    /usr/lib/jvm/java-1.7.0-openjdk-1.7.0.45.x86_64/jre/lib/amd64/libzip.so
7f9d50672000-7f9d50871000 ---p 00008000 08:01 1158406                    /usr/lib/jvm/java-1.7.0-openjdk-1.7.0.45.x86_64/jre/lib/amd64/libzip.so
7f9d50871000-7f9d50872000 rw-p 00007000 08:01 1158406                    /usr/lib/jvm/java-1.7.0-openjdk-1.7.0.45.x86_64/jre/lib/amd64/libzip.so
7f9d50872000-7f9d5087d000 r-xp 00000000 08:01 2490646                    /lib64/libnss_ldap.so.2
7f9d5087d000-7f9d50a7c000 ---p 0000b000 08:01 2490646                    /lib64/libnss_ldap.so.2
7f9d50a7c000-7f9d50a7d000 rw-p 0000a000 08:01 2490646                    /lib64/libnss_ldap.so.2
7f9d50a7d000-7f9d50a89000 r-xp 00000000 08:01 2490594                    /lib64/libnss_files-2.12.so
7f9d50a89000-7f9d50c89000 ---p 0000c000 08:01 2490594                    /lib64/libnss_files-2.12.so
7f9d50c89000-7f9d50c8a000 r--p 0000c000 08:01 2490594                    /lib64/libnss_files-2.12.so
7f9d50c8a000-7f9d50c8b000 rw-p 0000d000 08:01 2490594                    /lib64/libnss_files-2.12.so
7f9d50c90000-7f9d50cb8000 rw-p 00000000 00:00 0 
7f9d50cb8000-7f9d50ce1000 r-xp 00000000 08:01 1158385                    /usr/lib/jvm/java-1.7.0-openjdk-1.7.0.45.x86_64/jre/lib/amd64/libjava.so
7f9d50ce1000-7f9d50ee0000 ---p 00029000 08:01 1158385                    /usr/lib/jvm/java-1.7.0-openjdk-1.7.0.45.x86_64/jre/lib/amd64/libjava.so
7f9d50ee0000-7f9d50ee2000 rw-p 00028000 08:01 1158385                    /usr/lib/jvm/java-1.7.0-openjdk-1.7.0.45.x86_64/jre/lib/amd64/libjava.so
7f9d50ee2000-7f9d50eef000 r-xp 00000000 08:01 1158405                    /usr/lib/jvm/java-1.7.0-openjdk-1.7.0.45.x86_64/jre/lib/amd64/libverify.so
7f9d50eef000-7f9d510ef000 ---p 0000d000 08:01 1158405                    /usr/lib/jvm/java-1.7.0-openjdk-1.7.0.45.x86_64/jre/lib/amd64/libverify.so
7f9d510ef000-7f9d510f1000 rw-p 0000d000 08:01 1158405                    /usr/lib/jvm/java-1.7.0-openjdk-1.7.0.45.x86_64/jre/lib/amd64/libverify.so
7f9d510f1000-7f9d510f4000 ---p 00000000 00:00 0 
7f9d510f4000-7f9d511f2000 rw-p 00000000 00:00 0 
7f9d511f2000-7f9d51275000 r-xp 00000000 08:01 2490434                    /lib64/libm-2.12.so
7f9d51275000-7f9d51474000 ---p 00083000 08:01 2490434                    /lib64/libm-2.12.so
7f9d51474000-7f9d51475000 r--p 00082000 08:01 2490434                    /lib64/libm-2.12.so
7f9d51475000-7f9d51476000 rw-p 00083000 08:01 2490434                    /lib64/libm-2.12.so
7f9d51476000-7f9d51f60000 r-xp 00000000 08:01 1158410                    /usr/lib/jvm/java-1.7.0-openjdk-1.7.0.45.x86_64/jre/lib/amd64/server/libjvm.so
7f9d51f60000-7f9d52160000 ---p 00aea000 08:01 1158410                    /usr/lib/jvm/java-1.7.0-openjdk-1.7.0.45.x86_64/jre/lib/amd64/server/libjvm.so
7f9d52160000-7f9d5221b000 rw-p 00aea000 08:01 1158410                    /usr/lib/jvm/java-1.7.0-openjdk-1.7.0.45.x86_64/jre/lib/amd64/server/libjvm.so
7f9d5221b000-7f9d5224b000 rw-p 00000000 00:00 0 
7f9d52256000-7f9d5226e000 rw-p 00000000 00:00 0 
7f9d5226e000-7f9d52276000 rw-s 00000000 08:01 1306524                    /tmp/hsperfdata_s1128614/10221
7f9d52276000-7f9d52277000 rw-p 00000000 00:00 0 
7f9d52277000-7f9d52278000 r--p 00000000 00:00 0 
7f9d52278000-7f9d52279000 rw-p 00000000 00:00 0 
7f9d52279000-7f9d5227a000 r-xp 00000000 00:00 0                          [vdso]
7fff0fd9e000-7fff0fdb4000 rw-p 00000000 00:00 0                          [stack]
ffffffffff600000-ffffffffff601000 r-xp 00000000 00:00 0                  [vsyscall]

VM Arguments:
jvm_args: -Dfile.encoding=UTF-8 -Xbootclasspath:/group/teaching/sdp/sdp2/lejos_nxj/lib/nxt/classes.jar 
java_command: group2.sdp.robot.comms.Receiver
Launcher Type: SUN_STANDARD

Environment Variables:
PATH=/group/teaching/sdp/sdp2/lejos_nxj/bin:/usr/lib64/qt-3.3/bin:/usr/local/bin/:/usr/games:/usr/local/sbin:/usr/bin:/bin:/opt/sicstus-4.0.1/bin
LD_LIBRARY_PATH=$LD_LIBRARY_PATH:lib
SHELL=/bin/bash
DISPLAY=:0.0

Signal Handlers:
SIGSEGV: [libjvm.so+0x9249f0], sa_mask[0]=0x7ffbfeff, sa_flags=0x10000004
SIGBUS: [libjvm.so+0x9249f0], sa_mask[0]=0x7ffbfeff, sa_flags=0x10000004
SIGFPE: [libjvm.so+0x7b25a0], sa_mask[0]=0x7ffbfeff, sa_flags=0x10000004
SIGPIPE: [libjvm.so+0x7b25a0], sa_mask[0]=0x7ffbfeff, sa_flags=0x10000004
SIGXFSZ: [libjvm.so+0x7b25a0], sa_mask[0]=0x7ffbfeff, sa_flags=0x10000004
SIGILL: [libjvm.so+0x7b25a0], sa_mask[0]=0x7ffbfeff, sa_flags=0x10000004
SIGUSR1: SIG_DFL, sa_mask[0]=0x00000000, sa_flags=0x00000000
SIGUSR2: [libjvm.so+0x7b3a30], sa_mask[0]=0x00000004, sa_flags=0x10000004
SIGHUP: SIG_DFL, sa_mask[0]=0x00000000, sa_flags=0x00000000
SIGINT: SIG_DFL, sa_mask[0]=0x00000000, sa_flags=0x00000000
SIGTERM: SIG_DFL, sa_mask[0]=0x00000000, sa_flags=0x00000000
SIGQUIT: SIG_DFL, sa_mask[0]=0x00000000, sa_flags=0x00000000


---------------  S Y S T E M  ---------------

OS:Scientific Linux release 6.4 (Carbon)

uname:Linux 2.6.32-358.6.2.el6.x86_64 #1 SMP Thu May 16 11:21:38 CDT 2013 x86_64
libc:glibc 2.12 NPTL 2.12 
rlimit: STACK 10240k, CORE 0k, NPROC 1024, NOFILE 4096, AS infinity
load average:0.17 0.12 0.09

/proc/meminfo:
MemTotal:        3923212 kB
MemFree:          627044 kB
Buffers:          101816 kB
Cached:          1090632 kB
SwapCached:            0 kB
Active:          2113412 kB
Inactive:         723728 kB
Active(anon):    1652084 kB
Inactive(anon):     6772 kB
Active(file):     461328 kB
Inactive(file):   716956 kB
Unevictable:        8272 kB
Mlocked:            8272 kB
SwapTotal:       4096564 kB
SwapFree:        4096564 kB
Dirty:               460 kB
Writeback:           100 kB
AnonPages:       1648856 kB
Mapped:           169932 kB
Shmem:              7168 kB
Slab:             317268 kB
SReclaimable:     277680 kB
SUnreclaim:        39588 kB
KernelStack:        3464 kB
PageTables:        47300 kB
NFS_Unstable:          0 kB
Bounce:                0 kB
WritebackTmp:          0 kB
CommitLimit:     6058168 kB
Committed_AS:    3492264 kB
VmallocTotal:   34359738367 kB
VmallocUsed:      303108 kB
VmallocChunk:   34359404260 kB
HardwareCorrupted:     0 kB
AnonHugePages:    718848 kB
HugePages_Total:       0
HugePages_Free:        0
HugePages_Rsvd:        0
HugePages_Surp:        0
Hugepagesize:       2048 kB
DirectMap4k:      155644 kB
DirectMap2M:     3905536 kB


CPU:total 2 (2 cores per cpu, 1 threads per core) family 6 model 23 stepping 10, cmov, cx8, fxsr, mmx, sse, sse2, sse3, ssse3, sse4.1, tsc

/proc/cpuinfo:
processor	: 0
vendor_id	: GenuineIntel
cpu family	: 6
model		: 23
model name	: Intel(R) Core(TM)2 Duo CPU     E8500  @ 3.16GHz
stepping	: 10
cpu MHz		: 3166.000
cache size	: 6144 KB
physical id	: 0
siblings	: 2
core id		: 0
cpu cores	: 2
apicid		: 0
initial apicid	: 0
fpu		: yes
fpu_exception	: yes
cpuid level	: 13
wp		: yes
flags		: fpu vme de pse tsc msr pae mce cx8 apic sep mtrr pge mca cmov pat pse36 clflush dts acpi mmx fxsr sse sse2 ss ht tm pbe syscall nx lm constant_tsc arch_perfmon pebs bts rep_good aperfmperf pni dtes64 monitor ds_cpl vmx smx est tm2 ssse3 cx16 xtpr pdcm sse4_1 xsave lahf_lm dts tpr_shadow vnmi flexpriority
bogomips	: 6317.60
clflush size	: 64
cache_alignment	: 64
address sizes	: 36 bits physical, 48 bits virtual
power management:

processor	: 1
vendor_id	: GenuineIntel
cpu family	: 6
model		: 23
model name	: Intel(R) Core(TM)2 Duo CPU     E8500  @ 3.16GHz
stepping	: 10
cpu MHz		: 3166.000
cache size	: 6144 KB
physical id	: 0
siblings	: 2
core id		: 1
cpu cores	: 2
apicid		: 1
initial apicid	: 1
fpu		: yes
fpu_exception	: yes
cpuid level	: 13
wp		: yes
flags		: fpu vme de pse tsc msr pae mce cx8 apic sep mtrr pge mca cmov pat pse36 clflush dts acpi mmx fxsr sse sse2 ss ht tm pbe syscall nx lm constant_tsc arch_perfmon pebs bts rep_good aperfmperf pni dtes64 monitor ds_cpl vmx smx est tm2 ssse3 cx16 xtpr pdcm sse4_1 xsave lahf_lm dts tpr_shadow vnmi flexpriority
bogomips	: 6317.60
clflush size	: 64
cache_alignment	: 64
address sizes	: 36 bits physical, 48 bits virtual
power management:



Memory: 4k page, physical 3923212k(626920k free), swap 4096564k(4096564k free)

vm_info: OpenJDK 64-Bit Server VM (24.45-b08) for linux-amd64 JRE (1.7.0_45-mockbuild_2013_10_22_13_40-b00), built on Oct 22 2013 13:49:11 by "mockbuild" with gcc 4.4.7 20120313 (Red Hat 4.4.7-3)

time: Thu Feb  6 16:54:39 2014
elapsed time: 0 seconds

