#
# A fatal error has been detected by the Java Runtime Environment:
#
#  Internal Error (javaClasses.cpp:136), pid=7297, tid=140340281095936
#  fatal error: Invalid layout of preloaded class
#
# JRE version:  (7.0_45-b15) (build )
# Java VM: OpenJDK 64-Bit Server VM (24.45-b08 mixed mode linux-amd64 compressed oops)
# Failed to write core dump. Core dumps have been disabled. To enable core dumping, try "ulimit -c unlimited" before starting Java again
#
# If you would like to submit a bug report, please include
# instructions on how to reproduce the bug and visit:
#   http://icedtea.classpath.org/bugzilla
#

---------------  T H R E A D  ---------------

Current thread (0x00007fa380009000):  JavaThread "Unknown thread" [_thread_in_vm, id=7303, stack(0x00007fa3848a3000,0x00007fa3849a4000)]

Stack: [0x00007fa3848a3000,0x00007fa3849a4000],  sp=0x00007fa3849a2870,  free space=1022k
Native frames: (J=compiled Java code, j=interpreted, Vv=VM code, C=native code)
V  [libjvm.so+0x923f5d]  JVM_handle_linux_signal+0x1689ad
V  [libjvm.so+0x477539]  dlerror+0x477539
V  [libjvm.so+0x5d6d6b]  AsyncGetCallTrace+0xe6a0b
V  [libjvm.so+0x5d7e16]  AsyncGetCallTrace+0xe7ab6
V  [libjvm.so+0x8b053e]  JVM_handle_linux_signal+0xf4f8e
V  [libjvm.so+0x8fbe8b]  JVM_handle_linux_signal+0x1408db
V  [libjvm.so+0x8fc379]  JVM_handle_linux_signal+0x140dc9
V  [libjvm.so+0x583c9a]  AsyncGetCallTrace+0x9393a
V  [libjvm.so+0x8e4d09]  JVM_handle_linux_signal+0x129759
V  [libjvm.so+0x5df83f]  JNI_CreateJavaVM+0x6f
C  [libjli.so+0x2ef7]  printf+0x2ef7


---------------  P R O C E S S  ---------------

Java Threads: ( => current thread )

Other Threads:

=>0x00007fa380009000 (exited) JavaThread "Unknown thread" [_thread_in_vm, id=7303, stack(0x00007fa3848a3000,0x00007fa3849a4000)]

VM state:not at safepoint (not fully initialized)

VM Mutex/Monitor currently owned by a thread: None

GC Heap History (0 events):
No events

Deoptimization events (0 events):
No events

Internal exceptions (0 events):
No events

Events (10 events):
Event: 0.005 loading class 0x00007fa37a20e0d0
Event: 0.006 loading class 0x00007fa37a20e0d0 done
Event: 0.006 loading class 0x00007fa37a20e110
Event: 0.006 loading class 0x00007fa37a20e6f0
Event: 0.006 loading class 0x00007fa37a20e6f0 done
Event: 0.006 loading class 0x00007fa37a214d50
Event: 0.006 loading class 0x00007fa37a214d50 done
Event: 0.006 loading class 0x00007fa37a20e110 done
Event: 0.006 loading class 0x00007fa37a20e0f0
Event: 0.006 loading class 0x00007fa37a20e0f0 done


Dynamic libraries:
00400000-00401000 r-xp 00000000 08:01 2385019                            /usr/lib/jvm/java-1.7.0-openjdk-1.7.0.45.x86_64/bin/java
00600000-00602000 rw-p 00000000 08:01 2385019                            /usr/lib/jvm/java-1.7.0-openjdk-1.7.0.45.x86_64/bin/java
017e6000-01807000 rw-p 00000000 00:00 0                                  [heap]
ba400000-bb900000 rw-p 00000000 00:00 0 
bb900000-c4a00000 rw-p 00000000 00:00 0 
c4a00000-c7180000 rw-p 00000000 00:00 0 
c7180000-ec300000 rw-p 00000000 00:00 0 
ec300000-ed700000 rw-p 00000000 00:00 0 
ed700000-100000000 rw-p 00000000 00:00 0 
391a000000-391a020000 r-xp 00000000 08:01 671766                         /lib64/ld-2.12.so
391a21f000-391a220000 r--p 0001f000 08:01 671766                         /lib64/ld-2.12.so
391a220000-391a221000 rw-p 00020000 08:01 671766                         /lib64/ld-2.12.so
391a221000-391a222000 rw-p 00000000 00:00 0 
391a400000-391a58b000 r-xp 00000000 08:01 671789                         /lib64/libc-2.12.so
391a58b000-391a78a000 ---p 0018b000 08:01 671789                         /lib64/libc-2.12.so
391a78a000-391a78e000 r--p 0018a000 08:01 671789                         /lib64/libc-2.12.so
391a78e000-391a78f000 rw-p 0018e000 08:01 671789                         /lib64/libc-2.12.so
391a78f000-391a794000 rw-p 00000000 00:00 0 
391a800000-391a80d000 r-xp 00000000 08:01 2384507                        /usr/lib/jvm/java-1.7.0-openjdk-1.7.0.45.x86_64/lib/amd64/jli/libjli.so
391a80d000-391aa0c000 ---p 0000d000 08:01 2384507                        /usr/lib/jvm/java-1.7.0-openjdk-1.7.0.45.x86_64/lib/amd64/jli/libjli.so
391aa0c000-391aa0d000 rw-p 0000c000 08:01 2384507                        /usr/lib/jvm/java-1.7.0-openjdk-1.7.0.45.x86_64/lib/amd64/jli/libjli.so
391ac00000-391ac02000 r-xp 00000000 08:01 671976                         /lib64/libdl-2.12.so
391ac02000-391ae02000 ---p 00002000 08:01 671976                         /lib64/libdl-2.12.so
391ae02000-391ae03000 r--p 00002000 08:01 671976                         /lib64/libdl-2.12.so
391ae03000-391ae04000 rw-p 00003000 08:01 671976                         /lib64/libdl-2.12.so
391b000000-391b017000 r-xp 00000000 08:01 671961                         /lib64/libpthread-2.12.so
391b017000-391b217000 ---p 00017000 08:01 671961                         /lib64/libpthread-2.12.so
391b217000-391b218000 r--p 00017000 08:01 671961                         /lib64/libpthread-2.12.so
391b218000-391b219000 rw-p 00018000 08:01 671961                         /lib64/libpthread-2.12.so
391b219000-391b21d000 rw-p 00000000 00:00 0 
391b400000-391b415000 r-xp 00000000 08:01 671832                         /lib64/libz.so.1.2.3
391b415000-391b614000 ---p 00015000 08:01 671832                         /lib64/libz.so.1.2.3
391b614000-391b615000 r--p 00014000 08:01 671832                         /lib64/libz.so.1.2.3
391b615000-391b616000 rw-p 00015000 08:01 671832                         /lib64/libz.so.1.2.3
391b800000-391b807000 r-xp 00000000 08:01 672298                         /lib64/librt-2.12.so
391b807000-391ba06000 ---p 00007000 08:01 672298                         /lib64/librt-2.12.so
391ba06000-391ba07000 r--p 00006000 08:01 672298                         /lib64/librt-2.12.so
391ba07000-391ba08000 rw-p 00007000 08:01 672298                         /lib64/librt-2.12.so
391f000000-391f016000 r-xp 00000000 08:01 671959                         /lib64/libgcc_s-4.4.7-20120601.so.1
391f016000-391f215000 ---p 00016000 08:01 671959                         /lib64/libgcc_s-4.4.7-20120601.so.1
391f215000-391f216000 rw-p 00015000 08:01 671959                         /lib64/libgcc_s-4.4.7-20120601.so.1
3921000000-39210e8000 r-xp 00000000 08:01 1770140                        /usr/lib64/libstdc++.so.6.0.13
39210e8000-39212e8000 ---p 000e8000 08:01 1770140                        /usr/lib64/libstdc++.so.6.0.13
39212e8000-39212ef000 r--p 000e8000 08:01 1770140                        /usr/lib64/libstdc++.so.6.0.13
39212ef000-39212f1000 rw-p 000ef000 08:01 1770140                        /usr/lib64/libstdc++.so.6.0.13
39212f1000-3921306000 rw-p 00000000 00:00 0 
7fa36c000000-7fa36c021000 rw-p 00000000 00:00 0 
7fa36c021000-7fa370000000 ---p 00000000 00:00 0 
7fa374000000-7fa374021000 rw-p 00000000 00:00 0 
7fa374021000-7fa378000000 ---p 00000000 00:00 0 
7fa37a198000-7fa37c777000 rw-p 00000000 00:00 0 
7fa37c777000-7fa37c778000 ---p 00000000 00:00 0 
7fa37c778000-7fa37c878000 rw-p 00000000 00:00 0 
7fa37c878000-7fa37c879000 ---p 00000000 00:00 0 
7fa37c879000-7fa37c984000 rw-p 00000000 00:00 0 
7fa37c984000-7fa37c9cc000 rw-p 00000000 00:00 0 
7fa37c9cc000-7fa37c9e0000 rw-p 00000000 00:00 0 
7fa37c9e0000-7fa37cb09000 rw-p 00000000 00:00 0 
7fa37cb09000-7fa37cb14000 rw-p 00000000 00:00 0 
7fa37cb14000-7fa37cb5c000 rw-p 00000000 00:00 0 
7fa37cb5c000-7fa37cb70000 rw-p 00000000 00:00 0 
7fa37cb70000-7fa37cc98000 rw-p 00000000 00:00 0 
7fa37cc98000-7fa37cca3000 rw-p 00000000 00:00 0 
7fa37cca3000-7fa37cd37000 rw-p 00000000 00:00 0 
7fa37cd37000-7fa37cd42000 rw-p 00000000 00:00 0 
7fa37cd42000-7fa37cdf8000 rw-p 00000000 00:00 0 
7fa37cdf8000-7fa37d068000 rwxp 00000000 00:00 0 
7fa37d068000-7fa37fdf8000 rw-p 00000000 00:00 0 
7fa37fdf8000-7fa37fe00000 r-xp 00000000 08:01 2256141                    /usr/lib/jvm/java-1.7.0-openjdk-1.7.0.45.x86_64/jre/lib/amd64/libzip.so
7fa37fe00000-7fa37ffff000 ---p 00008000 08:01 2256141                    /usr/lib/jvm/java-1.7.0-openjdk-1.7.0.45.x86_64/jre/lib/amd64/libzip.so
7fa37ffff000-7fa380000000 rw-p 00007000 08:01 2256141                    /usr/lib/jvm/java-1.7.0-openjdk-1.7.0.45.x86_64/jre/lib/amd64/libzip.so
7fa380000000-7fa38004e000 rw-p 00000000 00:00 0 
7fa38004e000-7fa384000000 ---p 00000000 00:00 0 
7fa384014000-7fa384024000 r--s 000bf000 00:13 880472066                  /afs/inf.ed.ac.uk/group/teaching/sdp/sdp2/lejos_nxj/lib/nxt/classes.jar
7fa384024000-7fa38402f000 r-xp 00000000 08:01 671846                     /lib64/libnss_ldap.so.2
7fa38402f000-7fa38422e000 ---p 0000b000 08:01 671846                     /lib64/libnss_ldap.so.2
7fa38422e000-7fa38422f000 rw-p 0000a000 08:01 671846                     /lib64/libnss_ldap.so.2
7fa38422f000-7fa38423b000 r-xp 00000000 08:01 671960                     /lib64/libnss_files-2.12.so
7fa38423b000-7fa38443b000 ---p 0000c000 08:01 671960                     /lib64/libnss_files-2.12.so
7fa38443b000-7fa38443c000 r--p 0000c000 08:01 671960                     /lib64/libnss_files-2.12.so
7fa38443c000-7fa38443d000 rw-p 0000d000 08:01 671960                     /lib64/libnss_files-2.12.so
7fa384442000-7fa38446a000 rw-p 00000000 00:00 0 
7fa38446a000-7fa384493000 r-xp 00000000 08:01 2256120                    /usr/lib/jvm/java-1.7.0-openjdk-1.7.0.45.x86_64/jre/lib/amd64/libjava.so
7fa384493000-7fa384692000 ---p 00029000 08:01 2256120                    /usr/lib/jvm/java-1.7.0-openjdk-1.7.0.45.x86_64/jre/lib/amd64/libjava.so
7fa384692000-7fa384694000 rw-p 00028000 08:01 2256120                    /usr/lib/jvm/java-1.7.0-openjdk-1.7.0.45.x86_64/jre/lib/amd64/libjava.so
7fa384694000-7fa3846a1000 r-xp 00000000 08:01 2256140                    /usr/lib/jvm/java-1.7.0-openjdk-1.7.0.45.x86_64/jre/lib/amd64/libverify.so
7fa3846a1000-7fa3848a1000 ---p 0000d000 08:01 2256140                    /usr/lib/jvm/java-1.7.0-openjdk-1.7.0.45.x86_64/jre/lib/amd64/libverify.so
7fa3848a1000-7fa3848a3000 rw-p 0000d000 08:01 2256140                    /usr/lib/jvm/java-1.7.0-openjdk-1.7.0.45.x86_64/jre/lib/amd64/libverify.so
7fa3848a3000-7fa3848a6000 ---p 00000000 00:00 0 
7fa3848a6000-7fa3849a4000 rw-p 00000000 00:00 0 
7fa3849a4000-7fa384a27000 r-xp 00000000 08:01 671791                     /lib64/libm-2.12.so
7fa384a27000-7fa384c26000 ---p 00083000 08:01 671791                     /lib64/libm-2.12.so
7fa384c26000-7fa384c27000 r--p 00082000 08:01 671791                     /lib64/libm-2.12.so
7fa384c27000-7fa384c28000 rw-p 00083000 08:01 671791                     /lib64/libm-2.12.so
7fa384c28000-7fa385712000 r-xp 00000000 08:01 2256145                    /usr/lib/jvm/java-1.7.0-openjdk-1.7.0.45.x86_64/jre/lib/amd64/server/libjvm.so
7fa385712000-7fa385912000 ---p 00aea000 08:01 2256145                    /usr/lib/jvm/java-1.7.0-openjdk-1.7.0.45.x86_64/jre/lib/amd64/server/libjvm.so
7fa385912000-7fa3859cd000 rw-p 00aea000 08:01 2256145                    /usr/lib/jvm/java-1.7.0-openjdk-1.7.0.45.x86_64/jre/lib/amd64/server/libjvm.so
7fa3859cd000-7fa3859fd000 rw-p 00000000 00:00 0 
7fa385a08000-7fa385a20000 rw-p 00000000 00:00 0 
7fa385a20000-7fa385a28000 rw-s 00000000 08:01 376838                     /tmp/hsperfdata_s1016269/7297
7fa385a28000-7fa385a29000 rw-p 00000000 00:00 0 
7fa385a29000-7fa385a2a000 r--p 00000000 00:00 0 
7fa385a2a000-7fa385a2b000 rw-p 00000000 00:00 0 
7fffcd097000-7fffcd0ad000 rw-p 00000000 00:00 0                          [stack]
7fffcd0e5000-7fffcd0e6000 r-xp 00000000 00:00 0                          [vdso]
ffffffffff600000-ffffffffff601000 r-xp 00000000 00:00 0                  [vsyscall]

VM Arguments:
jvm_args: -Dfile.encoding=UTF-8 -Xbootclasspath:/group/teaching/sdp/sdp2/lejos_nxj/lib/nxt/classes.jar 
java_command: group2.sdp.robot.comms.Receiver
Launcher Type: SUN_STANDARD

Environment Variables:
PATH=/usr/lib64/qt-3.3/bin:/usr/local/bin/:/usr/games:/usr/local/sbin:/usr/bin:/bin:/opt/sicstus-4.0.1/bin
LD_LIBRARY_PATH=/usr/lib64/xulrunner-addons
SHELL=/bin/bash
DISPLAY=:0.0

Signal Handlers:
SIGSEGV: [libjvm.so+0x9249f0], sa_mask[0]=0x7ffbfeff, sa_flags=0x10000004
SIGBUS: [libjvm.so+0x9249f0], sa_mask[0]=0x7ffbfeff, sa_flags=0x10000004
SIGFPE: [libjvm.so+0x7b25a0], sa_mask[0]=0x7ffbfeff, sa_flags=0x10000004
SIGPIPE: [libjvm.so+0x7b25a0], sa_mask[0]=0x7ffbfeff, sa_flags=0x10000004
SIGXFSZ: [libjvm.so+0x7b25a0], sa_mask[0]=0x7ffbfeff, sa_flags=0x10000004
SIGILL: [libjvm.so+0x7b25a0], sa_mask[0]=0x7ffbfeff, sa_flags=0x10000004
SIGUSR1: SIG_DFL, sa_mask[0]=0x00000000, sa_flags=0x00000000
SIGUSR2: [libjvm.so+0x7b3a30], sa_mask[0]=0x00000004, sa_flags=0x10000004
SIGHUP: SIG_DFL, sa_mask[0]=0x00000000, sa_flags=0x00000000
SIGINT: SIG_DFL, sa_mask[0]=0x00000000, sa_flags=0x00000000
SIGTERM: SIG_DFL, sa_mask[0]=0x00000000, sa_flags=0x00000000
SIGQUIT: SIG_DFL, sa_mask[0]=0x00000000, sa_flags=0x00000000


---------------  S Y S T E M  ---------------

OS:Scientific Linux release 6.4 (Carbon)

uname:Linux 2.6.32-358.6.2.el6.x86_64 #1 SMP Thu May 16 11:21:38 CDT 2013 x86_64
libc:glibc 2.12 NPTL 2.12 
rlimit: STACK 10240k, CORE 0k, NPROC 1024, NOFILE 4096, AS infinity
load average:0.05 0.08 0.08

/proc/meminfo:
MemTotal:        3888412 kB
MemFree:          146368 kB
Buffers:          135412 kB
Cached:           800968 kB
SwapCached:        10912 kB
Active:          2341872 kB
Inactive:        1017268 kB
Active(anon):    2016312 kB
Inactive(anon):   662032 kB
Active(file):     325560 kB
Inactive(file):   355236 kB
Unevictable:        8232 kB
Mlocked:            8232 kB
SwapTotal:       4096564 kB
SwapFree:        3958632 kB
Dirty:               324 kB
Writeback:             0 kB
AnonPages:       2421336 kB
Mapped:           199900 kB
Shmem:            248336 kB
Slab:             202712 kB
SReclaimable:     150876 kB
SUnreclaim:        51836 kB
KernelStack:        5808 kB
PageTables:        93212 kB
NFS_Unstable:          0 kB
Bounce:                0 kB
WritebackTmp:          0 kB
CommitLimit:     6040768 kB
Committed_AS:    7146324 kB
VmallocTotal:   34359738367 kB
VmallocUsed:      569488 kB
VmallocChunk:   34359106096 kB
HardwareCorrupted:     0 kB
AnonHugePages:    696320 kB
HugePages_Total:       0
HugePages_Free:        0
HugePages_Rsvd:        0
HugePages_Surp:        0
Hugepagesize:       2048 kB
DirectMap4k:       10236 kB
DirectMap2M:     4016128 kB


CPU:total 2 (2 cores per cpu, 1 threads per core) family 6 model 23 stepping 10, cmov, cx8, fxsr, mmx, sse, sse2, sse3, ssse3, sse4.1, tsc

/proc/cpuinfo:
processor	: 0
vendor_id	: GenuineIntel
cpu family	: 6
model		: 23
model name	: Intel(R) Core(TM)2 Duo CPU     E8500  @ 3.16GHz
stepping	: 10
cpu MHz		: 3166.000
cache size	: 6144 KB
physical id	: 0
siblings	: 2
core id		: 0
cpu cores	: 2
apicid		: 0
initial apicid	: 0
fpu		: yes
fpu_exception	: yes
cpuid level	: 13
wp		: yes
flags		: fpu vme de pse tsc msr pae mce cx8 apic sep mtrr pge mca cmov pat pse36 clflush dts acpi mmx fxsr sse sse2 ss ht tm pbe syscall nx lm constant_tsc arch_perfmon pebs bts rep_good aperfmperf pni dtes64 monitor ds_cpl vmx smx est tm2 ssse3 cx16 xtpr pdcm sse4_1 xsave lahf_lm dts tpr_shadow vnmi flexpriority
bogomips	: 6317.48
clflush size	: 64
cache_alignment	: 64
address sizes	: 36 bits physical, 48 bits virtual
power management:

processor	: 1
vendor_id	: GenuineIntel
cpu family	: 6
model		: 23
model name	: Intel(R) Core(TM)2 Duo CPU     E8500  @ 3.16GHz
stepping	: 10
cpu MHz		: 2000.000
cache size	: 6144 KB
physical id	: 0
siblings	: 2
core id		: 1
cpu cores	: 2
apicid		: 1
initial apicid	: 1
fpu		: yes
fpu_exception	: yes
cpuid level	: 13
wp		: yes
flags		: fpu vme de pse tsc msr pae mce cx8 apic sep mtrr pge mca cmov pat pse36 clflush dts acpi mmx fxsr sse sse2 ss ht tm pbe syscall nx lm constant_tsc arch_perfmon pebs bts rep_good aperfmperf pni dtes64 monitor ds_cpl vmx smx est tm2 ssse3 cx16 xtpr pdcm sse4_1 xsave lahf_lm dts tpr_shadow vnmi flexpriority
bogomips	: 6317.48
clflush size	: 64
cache_alignment	: 64
address sizes	: 36 bits physical, 48 bits virtual
power management:



Memory: 4k page, physical 3888412k(146244k free), swap 4096564k(3958632k free)

vm_info: OpenJDK 64-Bit Server VM (24.45-b08) for linux-amd64 JRE (1.7.0_45-mockbuild_2013_10_22_13_40-b00), built on Oct 22 2013 13:49:11 by "mockbuild" with gcc 4.4.7 20120313 (Red Hat 4.4.7-3)

time: Sun Feb  9 15:48:00 2014
elapsed time: 0 seconds

