#
# A fatal error has been detected by the Java Runtime Environment:
#
#  Internal Error (javaClasses.cpp:136), pid=4859, tid=140371310593792
#  fatal error: Invalid layout of preloaded class
#
# JRE version:  (7.0_45-b15) (build )
# Java VM: OpenJDK 64-Bit Server VM (24.45-b08 mixed mode linux-amd64 compressed oops)
# Failed to write core dump. Core dumps have been disabled. To enable core dumping, try "ulimit -c unlimited" before starting Java again
#
# If you would like to submit a bug report, please include
# instructions on how to reproduce the bug and visit:
#   http://icedtea.classpath.org/bugzilla
#

---------------  T H R E A D  ---------------

Current thread (0x00007faab8009000):  JavaThread "Unknown thread" [_thread_in_vm, id=4861, stack(0x00007faabe0ac000,0x00007faabe1ad000)]

Stack: [0x00007faabe0ac000,0x00007faabe1ad000],  sp=0x00007faabe1ab870,  free space=1022k
Native frames: (J=compiled Java code, j=interpreted, Vv=VM code, C=native code)
V  [libjvm.so+0x923f5d]  JVM_handle_linux_signal+0x1689ad
V  [libjvm.so+0x477539]  dlerror+0x477539
V  [libjvm.so+0x5d6d6b]  AsyncGetCallTrace+0xe6a0b
V  [libjvm.so+0x5d7e16]  AsyncGetCallTrace+0xe7ab6
V  [libjvm.so+0x8b053e]  JVM_handle_linux_signal+0xf4f8e
V  [libjvm.so+0x8fbe8b]  JVM_handle_linux_signal+0x1408db
V  [libjvm.so+0x8fc379]  JVM_handle_linux_signal+0x140dc9
V  [libjvm.so+0x583c9a]  AsyncGetCallTrace+0x9393a
V  [libjvm.so+0x8e4d09]  JVM_handle_linux_signal+0x129759
V  [libjvm.so+0x5df83f]  JNI_CreateJavaVM+0x6f
C  [libjli.so+0x2ef7]  printf+0x2ef7


---------------  P R O C E S S  ---------------

Java Threads: ( => current thread )

Other Threads:

=>0x00007faab8009000 (exited) JavaThread "Unknown thread" [_thread_in_vm, id=4861, stack(0x00007faabe0ac000,0x00007faabe1ad000)]

VM state:not at safepoint (not fully initialized)

VM Mutex/Monitor currently owned by a thread: None

GC Heap History (0 events):
No events

Deoptimization events (0 events):
No events

Internal exceptions (0 events):
No events

Events (10 events):
Event: 0.008 loading class 0x00007faabcd100d0
Event: 0.009 loading class 0x00007faabcd100d0 done
Event: 0.009 loading class 0x00007faabcd10110
Event: 0.009 loading class 0x00007faabcd106f0
Event: 0.009 loading class 0x00007faabcd106f0 done
Event: 0.009 loading class 0x00007faabcd16d50
Event: 0.009 loading class 0x00007faabcd16d50 done
Event: 0.009 loading class 0x00007faabcd10110 done
Event: 0.009 loading class 0x00007faabcd100f0
Event: 0.009 loading class 0x00007faabcd100f0 done


Dynamic libraries:
00400000-00401000 r-xp 00000000 08:01 1280888                            /usr/lib/jvm/java-1.7.0-openjdk-1.7.0.45.x86_64/bin/java
00600000-00602000 rw-p 00000000 08:01 1280888                            /usr/lib/jvm/java-1.7.0-openjdk-1.7.0.45.x86_64/bin/java
01775000-01796000 rw-p 00000000 00:00 0                                  [heap]
b9c00000-bb100000 rw-p 00000000 00:00 0 
bb100000-c4200000 rw-p 00000000 00:00 0 
c4200000-c6980000 rw-p 00000000 00:00 0 
c6980000-ec080000 rw-p 00000000 00:00 0 
ec080000-ed480000 rw-p 00000000 00:00 0 
ed480000-100000000 rw-p 00000000 00:00 0 
3e29400000-3e29420000 r-xp 00000000 08:01 2490415                        /lib64/ld-2.12.so
3e2961f000-3e29620000 r--p 0001f000 08:01 2490415                        /lib64/ld-2.12.so
3e29620000-3e29621000 rw-p 00020000 08:01 2490415                        /lib64/ld-2.12.so
3e29621000-3e29622000 rw-p 00000000 00:00 0 
3e29800000-3e2998b000 r-xp 00000000 08:01 2490422                        /lib64/libc-2.12.so
3e2998b000-3e29b8a000 ---p 0018b000 08:01 2490422                        /lib64/libc-2.12.so
3e29b8a000-3e29b8e000 r--p 0018a000 08:01 2490422                        /lib64/libc-2.12.so
3e29b8e000-3e29b8f000 rw-p 0018e000 08:01 2490422                        /lib64/libc-2.12.so
3e29b8f000-3e29b94000 rw-p 00000000 00:00 0 
3e29c00000-3e29c0d000 r-xp 00000000 08:01 1280980                        /usr/lib/jvm/java-1.7.0-openjdk-1.7.0.45.x86_64/lib/amd64/jli/libjli.so
3e29c0d000-3e29e0c000 ---p 0000d000 08:01 1280980                        /usr/lib/jvm/java-1.7.0-openjdk-1.7.0.45.x86_64/lib/amd64/jli/libjli.so
3e29e0c000-3e29e0d000 rw-p 0000c000 08:01 1280980                        /usr/lib/jvm/java-1.7.0-openjdk-1.7.0.45.x86_64/lib/amd64/jli/libjli.so
3e2a000000-3e2a002000 r-xp 00000000 08:01 2490629                        /lib64/libdl-2.12.so
3e2a002000-3e2a202000 ---p 00002000 08:01 2490629                        /lib64/libdl-2.12.so
3e2a202000-3e2a203000 r--p 00002000 08:01 2490629                        /lib64/libdl-2.12.so
3e2a203000-3e2a204000 rw-p 00003000 08:01 2490629                        /lib64/libdl-2.12.so
3e2a400000-3e2a417000 r-xp 00000000 08:01 2490451                        /lib64/libpthread-2.12.so
3e2a417000-3e2a617000 ---p 00017000 08:01 2490451                        /lib64/libpthread-2.12.so
3e2a617000-3e2a618000 r--p 00017000 08:01 2490451                        /lib64/libpthread-2.12.so
3e2a618000-3e2a619000 rw-p 00018000 08:01 2490451                        /lib64/libpthread-2.12.so
3e2a619000-3e2a61d000 rw-p 00000000 00:00 0 
3e2a800000-3e2a815000 r-xp 00000000 08:01 2490644                        /lib64/libz.so.1.2.3
3e2a815000-3e2aa14000 ---p 00015000 08:01 2490644                        /lib64/libz.so.1.2.3
3e2aa14000-3e2aa15000 r--p 00014000 08:01 2490644                        /lib64/libz.so.1.2.3
3e2aa15000-3e2aa16000 rw-p 00015000 08:01 2490644                        /lib64/libz.so.1.2.3
3e2ac00000-3e2ac07000 r-xp 00000000 08:01 2490593                        /lib64/librt-2.12.so
3e2ac07000-3e2ae06000 ---p 00007000 08:01 2490593                        /lib64/librt-2.12.so
3e2ae06000-3e2ae07000 r--p 00006000 08:01 2490593                        /lib64/librt-2.12.so
3e2ae07000-3e2ae08000 rw-p 00007000 08:01 2490593                        /lib64/librt-2.12.so
3e2e400000-3e2e416000 r-xp 00000000 08:01 2492739                        /lib64/libgcc_s-4.4.7-20120601.so.1
3e2e416000-3e2e615000 ---p 00016000 08:01 2492739                        /lib64/libgcc_s-4.4.7-20120601.so.1
3e2e615000-3e2e616000 rw-p 00015000 08:01 2492739                        /lib64/libgcc_s-4.4.7-20120601.so.1
3e30400000-3e304e8000 r-xp 00000000 08:01 1624785                        /usr/lib64/libstdc++.so.6.0.13
3e304e8000-3e306e8000 ---p 000e8000 08:01 1624785                        /usr/lib64/libstdc++.so.6.0.13
3e306e8000-3e306ef000 r--p 000e8000 08:01 1624785                        /usr/lib64/libstdc++.so.6.0.13
3e306ef000-3e306f1000 rw-p 000ef000 08:01 1624785                        /usr/lib64/libstdc++.so.6.0.13
3e306f1000-3e30706000 rw-p 00000000 00:00 0 
7faaa4000000-7faaa4021000 rw-p 00000000 00:00 0 
7faaa4021000-7faaa8000000 ---p 00000000 00:00 0 
7faaac000000-7faaac021000 rw-p 00000000 00:00 0 
7faaac021000-7faab0000000 ---p 00000000 00:00 0 
7faab2ce0000-7faab5000000 rw-p 00000000 00:00 0 
7faab5000000-7faab5270000 rwxp 00000000 00:00 0 
7faab5270000-7faab804e000 rw-p 00000000 00:00 0 
7faab804e000-7faabc000000 ---p 00000000 00:00 0 
7faabcc8a000-7faabcc9a000 r--s 000bf000 00:13 880472066                  /afs/inf.ed.ac.uk/group/teaching/sdp/sdp2/lejos_nxj/lib/nxt/classes.jar
7faabcc9a000-7faabcf9d000 rw-p 00000000 00:00 0 
7faabcf9d000-7faabcf9e000 ---p 00000000 00:00 0 
7faabcf9e000-7faabd09e000 rw-p 00000000 00:00 0 
7faabd09e000-7faabd09f000 ---p 00000000 00:00 0 
7faabd09f000-7faabd1aa000 rw-p 00000000 00:00 0 
7faabd1aa000-7faabd1f2000 rw-p 00000000 00:00 0 
7faabd1f2000-7faabd206000 rw-p 00000000 00:00 0 
7faabd206000-7faabd332000 rw-p 00000000 00:00 0 
7faabd332000-7faabd33d000 rw-p 00000000 00:00 0 
7faabd33d000-7faabd385000 rw-p 00000000 00:00 0 
7faabd385000-7faabd399000 rw-p 00000000 00:00 0 
7faabd399000-7faabd4c4000 rw-p 00000000 00:00 0 
7faabd4c4000-7faabd4cf000 rw-p 00000000 00:00 0 
7faabd4cf000-7faabd564000 rw-p 00000000 00:00 0 
7faabd564000-7faabd56f000 rw-p 00000000 00:00 0 
7faabd56f000-7faabd625000 rw-p 00000000 00:00 0 
7faabd625000-7faabd62d000 r-xp 00000000 08:01 1158406                    /usr/lib/jvm/java-1.7.0-openjdk-1.7.0.45.x86_64/jre/lib/amd64/libzip.so
7faabd62d000-7faabd82c000 ---p 00008000 08:01 1158406                    /usr/lib/jvm/java-1.7.0-openjdk-1.7.0.45.x86_64/jre/lib/amd64/libzip.so
7faabd82c000-7faabd82d000 rw-p 00007000 08:01 1158406                    /usr/lib/jvm/java-1.7.0-openjdk-1.7.0.45.x86_64/jre/lib/amd64/libzip.so
7faabd82d000-7faabd838000 r-xp 00000000 08:01 2490646                    /lib64/libnss_ldap.so.2
7faabd838000-7faabda37000 ---p 0000b000 08:01 2490646                    /lib64/libnss_ldap.so.2
7faabda37000-7faabda38000 rw-p 0000a000 08:01 2490646                    /lib64/libnss_ldap.so.2
7faabda38000-7faabda44000 r-xp 00000000 08:01 2490594                    /lib64/libnss_files-2.12.so
7faabda44000-7faabdc44000 ---p 0000c000 08:01 2490594                    /lib64/libnss_files-2.12.so
7faabdc44000-7faabdc45000 r--p 0000c000 08:01 2490594                    /lib64/libnss_files-2.12.so
7faabdc45000-7faabdc46000 rw-p 0000d000 08:01 2490594                    /lib64/libnss_files-2.12.so
7faabdc4b000-7faabdc73000 rw-p 00000000 00:00 0 
7faabdc73000-7faabdc9c000 r-xp 00000000 08:01 1158385                    /usr/lib/jvm/java-1.7.0-openjdk-1.7.0.45.x86_64/jre/lib/amd64/libjava.so
7faabdc9c000-7faabde9b000 ---p 00029000 08:01 1158385                    /usr/lib/jvm/java-1.7.0-openjdk-1.7.0.45.x86_64/jre/lib/amd64/libjava.so
7faabde9b000-7faabde9d000 rw-p 00028000 08:01 1158385                    /usr/lib/jvm/java-1.7.0-openjdk-1.7.0.45.x86_64/jre/lib/amd64/libjava.so
7faabde9d000-7faabdeaa000 r-xp 00000000 08:01 1158405                    /usr/lib/jvm/java-1.7.0-openjdk-1.7.0.45.x86_64/jre/lib/amd64/libverify.so
7faabdeaa000-7faabe0aa000 ---p 0000d000 08:01 1158405                    /usr/lib/jvm/java-1.7.0-openjdk-1.7.0.45.x86_64/jre/lib/amd64/libverify.so
7faabe0aa000-7faabe0ac000 rw-p 0000d000 08:01 1158405                    /usr/lib/jvm/java-1.7.0-openjdk-1.7.0.45.x86_64/jre/lib/amd64/libverify.so
7faabe0ac000-7faabe0af000 ---p 00000000 00:00 0 
7faabe0af000-7faabe1ad000 rw-p 00000000 00:00 0 
7faabe1ad000-7faabe230000 r-xp 00000000 08:01 2490434                    /lib64/libm-2.12.so
7faabe230000-7faabe42f000 ---p 00083000 08:01 2490434                    /lib64/libm-2.12.so
7faabe42f000-7faabe430000 r--p 00082000 08:01 2490434                    /lib64/libm-2.12.so
7faabe430000-7faabe431000 rw-p 00083000 08:01 2490434                    /lib64/libm-2.12.so
7faabe431000-7faabef1b000 r-xp 00000000 08:01 1158410                    /usr/lib/jvm/java-1.7.0-openjdk-1.7.0.45.x86_64/jre/lib/amd64/server/libjvm.so
7faabef1b000-7faabf11b000 ---p 00aea000 08:01 1158410                    /usr/lib/jvm/java-1.7.0-openjdk-1.7.0.45.x86_64/jre/lib/amd64/server/libjvm.so
7faabf11b000-7faabf1d6000 rw-p 00aea000 08:01 1158410                    /usr/lib/jvm/java-1.7.0-openjdk-1.7.0.45.x86_64/jre/lib/amd64/server/libjvm.so
7faabf1d6000-7faabf206000 rw-p 00000000 00:00 0 
7faabf211000-7faabf229000 rw-p 00000000 00:00 0 
7faabf229000-7faabf231000 rw-s 00000000 08:01 1306916                    /tmp/hsperfdata_s1128614/4859
7faabf231000-7faabf232000 rw-p 00000000 00:00 0 
7faabf232000-7faabf233000 r--p 00000000 00:00 0 
7faabf233000-7faabf234000 rw-p 00000000 00:00 0 
7fffe0ad4000-7fffe0aea000 rw-p 00000000 00:00 0                          [stack]
7fffe0bff000-7fffe0c00000 r-xp 00000000 00:00 0                          [vdso]
ffffffffff600000-ffffffffff601000 r-xp 00000000 00:00 0                  [vsyscall]

VM Arguments:
jvm_args: -Dfile.encoding=UTF-8 -Xbootclasspath:/group/teaching/sdp/sdp2/lejos_nxj/lib/nxt/classes.jar 
java_command: group2.sdp.robot.comms.Receiver
Launcher Type: SUN_STANDARD

Environment Variables:
PATH=/group/teaching/sdp/sdp2/lejos_nxj/bin:/usr/lib64/qt-3.3/bin:/usr/local/bin/:/usr/games:/usr/local/sbin:/usr/bin:/bin:/opt/sicstus-4.0.1/bin
LD_LIBRARY_PATH=$LD_LIBRARY_PATH:lib
SHELL=/bin/bash
DISPLAY=:0.0

Signal Handlers:
SIGSEGV: [libjvm.so+0x9249f0], sa_mask[0]=0x7ffbfeff, sa_flags=0x10000004
SIGBUS: [libjvm.so+0x9249f0], sa_mask[0]=0x7ffbfeff, sa_flags=0x10000004
SIGFPE: [libjvm.so+0x7b25a0], sa_mask[0]=0x7ffbfeff, sa_flags=0x10000004
SIGPIPE: [libjvm.so+0x7b25a0], sa_mask[0]=0x7ffbfeff, sa_flags=0x10000004
SIGXFSZ: [libjvm.so+0x7b25a0], sa_mask[0]=0x7ffbfeff, sa_flags=0x10000004
SIGILL: [libjvm.so+0x7b25a0], sa_mask[0]=0x7ffbfeff, sa_flags=0x10000004
SIGUSR1: SIG_DFL, sa_mask[0]=0x00000000, sa_flags=0x00000000
SIGUSR2: [libjvm.so+0x7b3a30], sa_mask[0]=0x00000004, sa_flags=0x10000004
SIGHUP: SIG_DFL, sa_mask[0]=0x00000000, sa_flags=0x00000000
SIGINT: SIG_DFL, sa_mask[0]=0x00000000, sa_flags=0x00000000
SIGTERM: SIG_DFL, sa_mask[0]=0x00000000, sa_flags=0x00000000
SIGQUIT: SIG_DFL, sa_mask[0]=0x00000000, sa_flags=0x00000000


---------------  S Y S T E M  ---------------

OS:Scientific Linux release 6.4 (Carbon)

uname:Linux 2.6.32-358.6.2.el6.x86_64 #1 SMP Thu May 16 11:21:38 CDT 2013 x86_64
libc:glibc 2.12 NPTL 2.12 
rlimit: STACK 10240k, CORE 0k, NPROC 1024, NOFILE 4096, AS infinity
load average:0.17 0.13 0.07

/proc/meminfo:
MemTotal:        3923212 kB
MemFree:          169008 kB
Buffers:          105724 kB
Cached:           847668 kB
SwapCached:         4692 kB
Active:          2265868 kB
Inactive:        1083164 kB
Active(anon):    1774788 kB
Inactive(anon):   639564 kB
Active(file):     491080 kB
Inactive(file):   443600 kB
Unevictable:        8232 kB
Mlocked:            8232 kB
SwapTotal:       4096564 kB
SwapFree:        4023128 kB
Dirty:               440 kB
Writeback:             0 kB
AnonPages:       2399868 kB
Mapped:           208760 kB
Shmem:             11660 kB
Slab:             224076 kB
SReclaimable:     169620 kB
SUnreclaim:        54456 kB
KernelStack:        4080 kB
PageTables:        79132 kB
NFS_Unstable:          0 kB
Bounce:                0 kB
WritebackTmp:          0 kB
CommitLimit:     6058168 kB
Committed_AS:    5663892 kB
VmallocTotal:   34359738367 kB
VmallocUsed:      303724 kB
VmallocChunk:   34359368176 kB
HardwareCorrupted:     0 kB
AnonHugePages:    673792 kB
HugePages_Total:       0
HugePages_Free:        0
HugePages_Rsvd:        0
HugePages_Surp:        0
Hugepagesize:       2048 kB
DirectMap4k:      710652 kB
DirectMap2M:     3350528 kB


CPU:total 2 (2 cores per cpu, 1 threads per core) family 6 model 23 stepping 10, cmov, cx8, fxsr, mmx, sse, sse2, sse3, ssse3, sse4.1, tsc

/proc/cpuinfo:
processor	: 0
vendor_id	: GenuineIntel
cpu family	: 6
model		: 23
model name	: Intel(R) Core(TM)2 Duo CPU     E8500  @ 3.16GHz
stepping	: 10
cpu MHz		: 3166.000
cache size	: 6144 KB
physical id	: 0
siblings	: 2
core id		: 0
cpu cores	: 2
apicid		: 0
initial apicid	: 0
fpu		: yes
fpu_exception	: yes
cpuid level	: 13
wp		: yes
flags		: fpu vme de pse tsc msr pae mce cx8 apic sep mtrr pge mca cmov pat pse36 clflush dts acpi mmx fxsr sse sse2 ss ht tm pbe syscall nx lm constant_tsc arch_perfmon pebs bts rep_good aperfmperf pni dtes64 monitor ds_cpl vmx smx est tm2 ssse3 cx16 xtpr pdcm sse4_1 xsave lahf_lm dts tpr_shadow vnmi flexpriority
bogomips	: 6317.40
clflush size	: 64
cache_alignment	: 64
address sizes	: 36 bits physical, 48 bits virtual
power management:

processor	: 1
vendor_id	: GenuineIntel
cpu family	: 6
model		: 23
model name	: Intel(R) Core(TM)2 Duo CPU     E8500  @ 3.16GHz
stepping	: 10
cpu MHz		: 3166.000
cache size	: 6144 KB
physical id	: 0
siblings	: 2
core id		: 1
cpu cores	: 2
apicid		: 1
initial apicid	: 1
fpu		: yes
fpu_exception	: yes
cpuid level	: 13
wp		: yes
flags		: fpu vme de pse tsc msr pae mce cx8 apic sep mtrr pge mca cmov pat pse36 clflush dts acpi mmx fxsr sse sse2 ss ht tm pbe syscall nx lm constant_tsc arch_perfmon pebs bts rep_good aperfmperf pni dtes64 monitor ds_cpl vmx smx est tm2 ssse3 cx16 xtpr pdcm sse4_1 xsave lahf_lm dts tpr_shadow vnmi flexpriority
bogomips	: 6317.40
clflush size	: 64
cache_alignment	: 64
address sizes	: 36 bits physical, 48 bits virtual
power management:



Memory: 4k page, physical 3923212k(169008k free), swap 4096564k(4023128k free)

vm_info: OpenJDK 64-Bit Server VM (24.45-b08) for linux-amd64 JRE (1.7.0_45-mockbuild_2013_10_22_13_40-b00), built on Oct 22 2013 13:49:11 by "mockbuild" with gcc 4.4.7 20120313 (Red Hat 4.4.7-3)

time: Tue Feb  4 23:12:49 2014
elapsed time: 0 seconds

